This file contains any messages produced by compilers while
running configure, to aid debugging if configure makes a mistake.

It was created by FbTerm configure 1.6, which was
generated by GNU Autoconf 2.64.  Invocation command line was

  $ ./configure 

## --------- ##
## Platform. ##
## --------- ##

hostname = nodo3
uname -m = i686
uname -r = 2.6.32-3-686
uname -s = Linux
uname -v = #1 SMP Thu Feb 25 06:14:20 UTC 2010

/usr/bin/uname -p = unknown
/bin/uname -X     = unknown

/bin/arch              = unknown
/usr/bin/arch -k       = unknown
/usr/convex/getsysinfo = unknown
/usr/bin/hostinfo      = unknown
/bin/machine           = unknown
/usr/bin/oslevel       = unknown
/bin/universe          = unknown

PATH: /bin
PATH: /usr/bin
PATH: /usr/local/bin
PATH: /usr/bin
PATH: /bin
PATH: /usr/games


## ----------- ##
## Core tests. ##
## ----------- ##

configure:2273: checking for a BSD-compatible install
configure:2341: result: /usr/bin/install -c
configure:2352: checking whether build environment is sane
configure:2402: result: yes
configure:2543: checking for a thread-safe mkdir -p
configure:2582: result: /bin/mkdir -p
configure:2595: checking for gawk
configure:2611: found /usr/bin/gawk
configure:2622: result: gawk
configure:2633: checking whether make sets $(MAKE)
configure:2655: result: yes
configure:2801: checking for g++
configure:2817: found /usr/bin/g++
configure:2828: result: g++
configure:2855: checking for C++ compiler version
configure:2864: g++ --version >&5
g++ (Debian 4.3.3-3) 4.3.3
Copyright (C) 2008 Free Software Foundation, Inc.
This is free software; see the source for copying conditions.  There is NO
warranty; not even for MERCHANTABILITY or FITNESS FOR A PARTICULAR PURPOSE.

configure:2875: $? = 0
configure:2864: g++ -v >&5
Using built-in specs.
Target: i486-linux-gnu
Configured with: ../src/configure -v --with-pkgversion='Debian 4.3.3-3' --with-bugurl=file:///usr/share/doc/gcc-4.3/README.Bugs --enable-languages=c,c++,fortran,objc,obj-c++ --prefix=/usr --enable-shared --with-system-zlib --libexecdir=/usr/lib --without-included-gettext --enable-threads=posix --enable-nls --with-gxx-include-dir=/usr/include/c++/4.3 --program-suffix=-4.3 --enable-clocale=gnu --enable-libstdcxx-debug --enable-objc-gc --enable-mpfr --enable-targets=all --enable-cld --with-tune=generic --enable-checking=release --build=i486-linux-gnu --host=i486-linux-gnu --target=i486-linux-gnu
Thread model: posix
gcc version 4.3.3 (Debian 4.3.3-3) 
configure:2875: $? = 0
configure:2864: g++ -V >&5
g++: '-V' option must have argument
configure:2875: $? = 1
configure:2864: g++ -qversion >&5
g++: unrecognized option '-qversion'
g++: no input files
configure:2875: $? = 1
configure:2897: checking for C++ compiler default output file name
configure:2919: g++    conftest.cpp  >&5
configure:2923: $? = 0
configure:2960: result: a.out
configure:2976: checking whether the C++ compiler works
configure:2985: ./a.out
configure:2989: $? = 0
configure:3004: result: yes
configure:3011: checking whether we are cross compiling
configure:3013: result: no
configure:3016: checking for suffix of executables
configure:3023: g++ -o conftest    conftest.cpp  >&5
configure:3027: $? = 0
configure:3049: result: 
configure:3055: checking for suffix of object files
configure:3077: g++ -c   conftest.cpp >&5
configure:3081: $? = 0
configure:3102: result: o
configure:3106: checking whether we are using the GNU C++ compiler
configure:3125: g++ -c   conftest.cpp >&5
configure:3125: $? = 0
configure:3134: result: yes
configure:3143: checking whether g++ accepts -g
configure:3163: g++ -c -g  conftest.cpp >&5
configure:3163: $? = 0
configure:3204: result: yes
configure:3238: checking for style of include used by make
configure:3266: result: GNU
configure:3291: checking dependency style of g++
configure:3401: result: gcc3
configure:3464: checking for gcc
configure:3480: found /usr/bin/gcc
configure:3491: result: gcc
configure:3720: checking for C compiler version
configure:3729: gcc --version >&5
gcc (GCC) 4.1.3 20080704 (prerelease) (Debian 4.1.2-25)
Copyright (C) 2006 Free Software Foundation, Inc.
This is free software; see the source for copying conditions.  There is NO
warranty; not even for MERCHANTABILITY or FITNESS FOR A PARTICULAR PURPOSE.

configure:3740: $? = 0
configure:3729: gcc -v >&5
Using built-in specs.
Target: i486-linux-gnu
Configured with: ../src/configure -v --enable-languages=c,c++ --prefix=/usr --enable-shared --with-system-zlib --libexecdir=/usr/lib --without-included-gettext --enable-threads=posix --enable-nls --with-gxx-include-dir=/usr/include/c++/4.1.3 --program-suffix=-4.1 --enable-__cxa_atexit --enable-clocale=gnu --enable-libstdcxx-debug --with-tune=generic --enable-checking=release i486-linux-gnu
Thread model: posix
gcc version 4.1.3 20080704 (prerelease) (Debian 4.1.2-25)
configure:3740: $? = 0
configure:3729: gcc -V >&5
gcc: '-V' option must have argument
configure:3740: $? = 1
configure:3729: gcc -qversion >&5
gcc: unrecognized option '-qversion'
gcc: no input files
configure:3740: $? = 1
configure:3744: checking whether we are using the GNU C compiler
configure:3763: gcc -c   conftest.c >&5
configure:3763: $? = 0
configure:3772: result: yes
configure:3781: checking whether gcc accepts -g
configure:3801: gcc -c -g  conftest.c >&5
configure:3801: $? = 0
configure:3842: result: yes
configure:3859: checking for gcc option to accept ISO C89
configure:3923: gcc  -c -g -O2  conftest.c >&5
configure:3923: $? = 0
configure:3936: result: none needed
configure:3958: checking dependency style of gcc
configure:4068: result: gcc3
configure:4126: checking for ranlib
configure:4142: found /usr/bin/ranlib
configure:4153: result: ranlib
configure:4224: checking for pkg-config
configure:4242: found /usr/bin/pkg-config
configure:4254: result: /usr/bin/pkg-config
configure:4279: checking pkg-config is at least version 0.9.0
configure:4282: result: yes
configure:4327: checking for forkpty in -lutil
configure:4352: gcc -o conftest -g -O2   conftest.c -lutil   >&5
configure:4352: $? = 0
configure:4361: result: yes
configure:4374: checking for freetype2
configure:4382: $PKG_CONFIG --exists --print-errors "freetype2"
configure:4385: $? = 0
configure:4400: $PKG_CONFIG --exists --print-errors "freetype2"
configure:4403: $? = 0
configure:4458: result: yes
configure:4464: checking for fontconfig
configure:4472: $PKG_CONFIG --exists --print-errors "fontconfig"
configure:4475: $? = 0
configure:4490: $PKG_CONFIG --exists --print-errors "fontconfig"
configure:4493: $? = 0
configure:4548: result: yes
configure:4569: checking how to run the C preprocessor
configure:4600: gcc -E  conftest.c
configure:4600: $? = 0
configure:4614: gcc -E  conftest.c
conftest.c:12:28: error: ac_nonexistent.h: No such file or directory
configure:4614: $? = 1
configure: failed program was:
| /* confdefs.h */
| #define PACKAGE_NAME "FbTerm"
| #define PACKAGE_TARNAME "fbterm"
| #define PACKAGE_VERSION "1.6"
| #define PACKAGE_STRING "FbTerm 1.6"
| #define PACKAGE_BUGREPORT ""
| #define PACKAGE_URL ""
| #define PACKAGE "fbterm"
| #define VERSION "1.6"
| #define HAVE_LIBUTIL 1
| /* end confdefs.h.  */
| #include <ac_nonexistent.h>
configure:4639: result: gcc -E
configure:4659: gcc -E  conftest.c
configure:4659: $? = 0
configure:4673: gcc -E  conftest.c
conftest.c:12:28: error: ac_nonexistent.h: No such file or directory
configure:4673: $? = 1
configure: failed program was:
| /* confdefs.h */
| #define PACKAGE_NAME "FbTerm"
| #define PACKAGE_TARNAME "fbterm"
| #define PACKAGE_VERSION "1.6"
| #define PACKAGE_STRING "FbTerm 1.6"
| #define PACKAGE_BUGREPORT ""
| #define PACKAGE_URL ""
| #define PACKAGE "fbterm"
| #define VERSION "1.6"
| #define HAVE_LIBUTIL 1
| /* end confdefs.h.  */
| #include <ac_nonexistent.h>
configure:4702: checking for grep that handles long lines and -e
configure:4760: result: /bin/grep
configure:4765: checking for egrep
configure:4827: result: /bin/grep -E
configure:4832: checking for ANSI C header files
configure:4852: gcc -c -g -O2  conftest.c >&5
configure:4852: $? = 0
configure:4925: gcc -o conftest -g -O2   conftest.c -lutil  >&5
configure:4925: $? = 0
configure:4925: ./conftest
configure:4925: $? = 0
configure:4936: result: yes
configure:4944: checking for sys/wait.h that is POSIX.1 compatible
configure:4970: gcc -c -g -O2  conftest.c >&5
configure:4970: $? = 0
configure:4977: result: yes
configure:4990: checking for sys/types.h
configure:4990: gcc -c -g -O2  conftest.c >&5
configure:4990: $? = 0
configure:4990: result: yes
configure:4990: checking for sys/stat.h
configure:4990: gcc -c -g -O2  conftest.c >&5
configure:4990: $? = 0
configure:4990: result: yes
configure:4990: checking for stdlib.h
configure:4990: gcc -c -g -O2  conftest.c >&5
configure:4990: $? = 0
configure:4990: result: yes
configure:4990: checking for string.h
configure:4990: gcc -c -g -O2  conftest.c >&5
configure:4990: $? = 0
configure:4990: result: yes
configure:4990: checking for memory.h
configure:4990: gcc -c -g -O2  conftest.c >&5
configure:4990: $? = 0
configure:4990: result: yes
configure:4990: checking for strings.h
configure:4990: gcc -c -g -O2  conftest.c >&5
configure:4990: $? = 0
configure:4990: result: yes
configure:4990: checking for inttypes.h
configure:4990: gcc -c -g -O2  conftest.c >&5
configure:4990: $? = 0
configure:4990: result: yes
configure:4990: checking for stdint.h
configure:4990: gcc -c -g -O2  conftest.c >&5
configure:4990: $? = 0
configure:4990: result: yes
configure:4990: checking for unistd.h
configure:4990: gcc -c -g -O2  conftest.c >&5
configure:4990: $? = 0
configure:4990: result: yes
configure:5007: checking fcntl.h usability
configure:5007: gcc -c -g -O2  conftest.c >&5
configure:5007: $? = 0
configure:5007: result: yes
configure:5007: checking fcntl.h presence
configure:5007: gcc -E  conftest.c
configure:5007: $? = 0
configure:5007: result: yes
configure:5007: checking for fcntl.h
configure:5007: result: yes
configure:5007: checking langinfo.h usability
configure:5007: gcc -c -g -O2  conftest.c >&5
configure:5007: $? = 0
configure:5007: result: yes
configure:5007: checking langinfo.h presence
configure:5007: gcc -E  conftest.c
configure:5007: $? = 0
configure:5007: result: yes
configure:5007: checking for langinfo.h
configure:5007: result: yes
configure:5007: checking locale.h usability
configure:5007: gcc -c -g -O2  conftest.c >&5
configure:5007: $? = 0
configure:5007: result: yes
configure:5007: checking locale.h presence
configure:5007: gcc -E  conftest.c
configure:5007: $? = 0
configure:5007: result: yes
configure:5007: checking for locale.h
configure:5007: result: yes
configure:5007: checking stddef.h usability
configure:5007: gcc -c -g -O2  conftest.c >&5
configure:5007: $? = 0
configure:5007: result: yes
configure:5007: checking stddef.h presence
configure:5007: gcc -E  conftest.c
configure:5007: $? = 0
configure:5007: result: yes
configure:5007: checking for stddef.h
configure:5007: result: yes
configure:5007: checking for stdlib.h
configure:5007: result: yes
configure:5007: checking for string.h
configure:5007: result: yes
configure:5007: checking termios.h usability
configure:5007: gcc -c -g -O2  conftest.c >&5
configure:5007: $? = 0
configure:5007: result: yes
configure:5007: checking termios.h presence
configure:5007: gcc -E  conftest.c
configure:5007: $? = 0
configure:5007: result: yes
configure:5007: checking for termios.h
configure:5007: result: yes
configure:5007: checking for unistd.h
configure:5007: result: yes
configure:5007: checking sys/ioctl.h usability
configure:5007: gcc -c -g -O2  conftest.c >&5
configure:5007: $? = 0
configure:5007: result: yes
configure:5007: checking sys/ioctl.h presence
configure:5007: gcc -E  conftest.c
configure:5007: $? = 0
configure:5007: result: yes
configure:5007: checking for sys/ioctl.h
configure:5007: result: yes
configure:5007: checking sys/socket.h usability
configure:5007: gcc -c -g -O2  conftest.c >&5
configure:5007: $? = 0
configure:5007: result: yes
configure:5007: checking sys/socket.h presence
configure:5007: gcc -E  conftest.c
configure:5007: $? = 0
configure:5007: result: yes
configure:5007: checking for sys/socket.h
configure:5007: result: yes
configure:5007: checking sys/time.h usability
configure:5007: gcc -c -g -O2  conftest.c >&5
configure:5007: $? = 0
configure:5007: result: yes
configure:5007: checking sys/time.h presence
configure:5007: gcc -E  conftest.c
configure:5007: $? = 0
configure:5007: result: yes
configure:5007: checking for sys/time.h
configure:5007: result: yes
configure:5007: checking linux/fb.h usability
configure:5007: gcc -c -g -O2  conftest.c >&5
configure:5007: $? = 0
configure:5007: result: yes
configure:5007: checking linux/fb.h presence
configure:5007: gcc -E  conftest.c
configure:5007: $? = 0
configure:5007: result: yes
configure:5007: checking for linux/fb.h
configure:5007: result: yes
configure:5007: checking linux/kd.h usability
configure:5007: gcc -c -g -O2  conftest.c >&5
configure:5007: $? = 0
configure:5007: result: yes
configure:5007: checking linux/kd.h presence
configure:5007: gcc -E  conftest.c
configure:5007: $? = 0
configure:5007: result: yes
configure:5007: checking for linux/kd.h
configure:5007: result: yes
configure:5007: checking linux/keyboard.h usability
configure:5007: gcc -c -g -O2  conftest.c >&5
configure:5007: $? = 0
configure:5007: result: yes
configure:5007: checking linux/keyboard.h presence
configure:5007: gcc -E  conftest.c
configure:5007: $? = 0
configure:5007: result: yes
configure:5007: checking for linux/keyboard.h
configure:5007: result: yes
configure:5007: checking linux/input.h usability
configure:5007: gcc -c -g -O2  conftest.c >&5
configure:5007: $? = 0
configure:5007: result: yes
configure:5007: checking linux/input.h presence
configure:5007: gcc -E  conftest.c
configure:5007: $? = 0
configure:5007: result: yes
configure:5007: checking for linux/input.h
configure:5007: result: yes
configure:5022: checking for stdbool.h that conforms to C99
configure:5107: gcc -c -g -O2  conftest.c >&5
configure:5107: $? = 0
configure:5114: result: yes
configure:5116: checking for _Bool
configure:5116: gcc -c -g -O2  conftest.c >&5
configure:5116: $? = 0
configure:5116: gcc -c -g -O2  conftest.c >&5
conftest.c: In function 'main':
conftest.c:74: error: expected expression before ')' token
configure:5116: $? = 1
configure: failed program was:
| /* confdefs.h */
| #define PACKAGE_NAME "FbTerm"
| #define PACKAGE_TARNAME "fbterm"
| #define PACKAGE_VERSION "1.6"
| #define PACKAGE_STRING "FbTerm 1.6"
| #define PACKAGE_BUGREPORT ""
| #define PACKAGE_URL ""
| #define PACKAGE "fbterm"
| #define VERSION "1.6"
| #define HAVE_LIBUTIL 1
| #define STDC_HEADERS 1
| #define HAVE_SYS_WAIT_H 1
| #define HAVE_SYS_TYPES_H 1
| #define HAVE_SYS_STAT_H 1
| #define HAVE_STDLIB_H 1
| #define HAVE_STRING_H 1
| #define HAVE_MEMORY_H 1
| #define HAVE_STRINGS_H 1
| #define HAVE_INTTYPES_H 1
| #define HAVE_STDINT_H 1
| #define HAVE_UNISTD_H 1
| #define HAVE_FCNTL_H 1
| #define HAVE_LANGINFO_H 1
| #define HAVE_LOCALE_H 1
| #define HAVE_STDDEF_H 1
| #define HAVE_STDLIB_H 1
| #define HAVE_STRING_H 1
| #define HAVE_TERMIOS_H 1
| #define HAVE_UNISTD_H 1
| #define HAVE_SYS_IOCTL_H 1
| #define HAVE_SYS_SOCKET_H 1
| #define HAVE_SYS_TIME_H 1
| #define HAVE_LINUX_FB_H 1
| #define HAVE_LINUX_KD_H 1
| #define HAVE_LINUX_KEYBOARD_H 1
| #define HAVE_LINUX_INPUT_H 1
| /* end confdefs.h.  */
| #include <stdio.h>
| #ifdef HAVE_SYS_TYPES_H
| # include <sys/types.h>
| #endif
| #ifdef HAVE_SYS_STAT_H
| # include <sys/stat.h>
| #endif
| #ifdef STDC_HEADERS
| # include <stdlib.h>
| # include <stddef.h>
| #else
| # ifdef HAVE_STDLIB_H
| #  include <stdlib.h>
| # endif
| #endif
| #ifdef HAVE_STRING_H
| # if !defined STDC_HEADERS && defined HAVE_MEMORY_H
| #  include <memory.h>
| # endif
| # include <string.h>
| #endif
| #ifdef HAVE_STRINGS_H
| # include <strings.h>
| #endif
| #ifdef HAVE_INTTYPES_H
| # include <inttypes.h>
| #endif
| #ifdef HAVE_STDINT_H
| # include <stdint.h>
| #endif
| #ifdef HAVE_UNISTD_H
| # include <unistd.h>
| #endif
| int
| main ()
| {
| if (sizeof ((_Bool)))
| 	    return 0;
|   ;
|   return 0;
| }
configure:5116: result: yes
configure:5132: checking for an ANSI C-conforming const
configure:5197: gcc -c -g -O2  conftest.c >&5
configure:5197: $? = 0
configure:5204: result: yes
configure:5212: checking whether struct tm is in sys/time.h or time.h
configure:5232: gcc -c -g -O2  conftest.c >&5
configure:5232: $? = 0
configure:5239: result: time.h
configure:5250: checking whether gcc needs -traditional
configure:5284: result: no
configure:5294: checking for stdlib.h
configure:5294: result: yes
configure:5294: checking for unistd.h
configure:5294: result: yes
configure:5307: checking for getpagesize
configure:5307: gcc -o conftest -g -O2   conftest.c -lutil  >&5
configure:5307: $? = 0
configure:5307: result: yes
configure:5316: checking for working mmap
configure:5453: gcc -o conftest -g -O2   conftest.c -lutil  >&5
configure:5453: $? = 0
configure:5453: ./conftest
configure:5453: $? = 0
configure:5463: result: yes
configure:5472: checking return type of signal handlers
configure:5490: gcc -c -g -O2  conftest.c >&5
conftest.c: In function 'main':
conftest.c:50: error: void value not ignored as it ought to be
configure:5490: $? = 1
configure: failed program was:
| /* confdefs.h */
| #define PACKAGE_NAME "FbTerm"
| #define PACKAGE_TARNAME "fbterm"
| #define PACKAGE_VERSION "1.6"
| #define PACKAGE_STRING "FbTerm 1.6"
| #define PACKAGE_BUGREPORT ""
| #define PACKAGE_URL ""
| #define PACKAGE "fbterm"
| #define VERSION "1.6"
| #define HAVE_LIBUTIL 1
| #define STDC_HEADERS 1
| #define HAVE_SYS_WAIT_H 1
| #define HAVE_SYS_TYPES_H 1
| #define HAVE_SYS_STAT_H 1
| #define HAVE_STDLIB_H 1
| #define HAVE_STRING_H 1
| #define HAVE_MEMORY_H 1
| #define HAVE_STRINGS_H 1
| #define HAVE_INTTYPES_H 1
| #define HAVE_STDINT_H 1
| #define HAVE_UNISTD_H 1
| #define HAVE_FCNTL_H 1
| #define HAVE_LANGINFO_H 1
| #define HAVE_LOCALE_H 1
| #define HAVE_STDDEF_H 1
| #define HAVE_STDLIB_H 1
| #define HAVE_STRING_H 1
| #define HAVE_TERMIOS_H 1
| #define HAVE_UNISTD_H 1
| #define HAVE_SYS_IOCTL_H 1
| #define HAVE_SYS_SOCKET_H 1
| #define HAVE_SYS_TIME_H 1
| #define HAVE_LINUX_FB_H 1
| #define HAVE_LINUX_KD_H 1
| #define HAVE_LINUX_KEYBOARD_H 1
| #define HAVE_LINUX_INPUT_H 1
| #define HAVE__BOOL 1
| #define HAVE_STDBOOL_H 1
| #define HAVE_STDLIB_H 1
| #define HAVE_UNISTD_H 1
| #define HAVE_GETPAGESIZE 1
| #define HAVE_MMAP 1
| /* end confdefs.h.  */
| #include <sys/types.h>
| #include <signal.h>
| 
| int
| main ()
| {
| return *(signal (0, 0)) (0) == 1;
|   ;
|   return 0;
| }
configure:5497: result: void
configure:5505: checking whether lstat dereferences a symlink specified with a trailing slash
configure:5531: gcc -o conftest -g -O2   conftest.c -lutil  >&5
configure:5531: $? = 0
configure:5531: ./conftest
configure:5531: $? = 0
configure:5548: result: yes
configure:5567: checking whether stat accepts an empty string
configure:5587: gcc -o conftest -g -O2   conftest.c -lutil  >&5
configure:5587: $? = 0
configure:5587: ./conftest
configure:5587: $? = 0
configure:5597: result: no
configure:5616: checking for memset
configure:5616: gcc -o conftest -g -O2   conftest.c -lutil  >&5
conftest.c:69: warning: conflicting types for built-in function 'memset'
configure:5616: $? = 0
configure:5616: result: yes
configure:5616: checking for memmove
configure:5616: gcc -o conftest -g -O2   conftest.c -lutil  >&5
conftest.c:70: warning: conflicting types for built-in function 'memmove'
configure:5616: $? = 0
configure:5616: result: yes
configure:5616: checking for munmap
configure:5616: gcc -o conftest -g -O2   conftest.c -lutil  >&5
configure:5616: $? = 0
configure:5616: result: yes
configure:5616: checking for nl_langinfo
configure:5616: gcc -o conftest -g -O2   conftest.c -lutil  >&5
configure:5616: $? = 0
configure:5616: result: yes
configure:5616: checking for setenv
configure:5616: gcc -o conftest -g -O2   conftest.c -lutil  >&5
configure:5616: $? = 0
configure:5616: result: yes
configure:5616: checking for setlocale
configure:5616: gcc -o conftest -g -O2   conftest.c -lutil  >&5
configure:5616: $? = 0
configure:5616: result: yes
configure:5616: checking for socket
configure:5616: gcc -o conftest -g -O2   conftest.c -lutil  >&5
configure:5616: $? = 0
configure:5616: result: yes
configure:5616: checking for strcasecmp
configure:5616: gcc -o conftest -g -O2   conftest.c -lutil  >&5
conftest.c:76: warning: conflicting types for built-in function 'strcasecmp'
configure:5616: $? = 0
configure:5616: result: yes
configure:5616: checking for strchr
configure:5616: gcc -o conftest -g -O2   conftest.c -lutil  >&5
conftest.c:77: warning: conflicting types for built-in function 'strchr'
configure:5616: $? = 0
configure:5616: result: yes
configure:5616: checking for strstr
configure:5616: gcc -o conftest -g -O2   conftest.c -lutil  >&5
conftest.c:78: warning: conflicting types for built-in function 'strstr'
configure:5616: $? = 0
configure:5616: result: yes
configure:5616: checking for strtol
configure:5616: gcc -o conftest -g -O2   conftest.c -lutil  >&5
configure:5616: $? = 0
configure:5616: result: yes
configure:5633: checking gpm.h usability
configure:5633: gcc -c -g -O2  conftest.c >&5
conftest.c:90:17: error: gpm.h: No such file or directory
configure:5633: $? = 1
configure: failed program was:
| /* confdefs.h */
| #define PACKAGE_NAME "FbTerm"
| #define PACKAGE_TARNAME "fbterm"
| #define PACKAGE_VERSION "1.6"
| #define PACKAGE_STRING "FbTerm 1.6"
| #define PACKAGE_BUGREPORT ""
| #define PACKAGE_URL ""
| #define PACKAGE "fbterm"
| #define VERSION "1.6"
| #define HAVE_LIBUTIL 1
| #define STDC_HEADERS 1
| #define HAVE_SYS_WAIT_H 1
| #define HAVE_SYS_TYPES_H 1
| #define HAVE_SYS_STAT_H 1
| #define HAVE_STDLIB_H 1
| #define HAVE_STRING_H 1
| #define HAVE_MEMORY_H 1
| #define HAVE_STRINGS_H 1
| #define HAVE_INTTYPES_H 1
| #define HAVE_STDINT_H 1
| #define HAVE_UNISTD_H 1
| #define HAVE_FCNTL_H 1
| #define HAVE_LANGINFO_H 1
| #define HAVE_LOCALE_H 1
| #define HAVE_STDDEF_H 1
| #define HAVE_STDLIB_H 1
| #define HAVE_STRING_H 1
| #define HAVE_TERMIOS_H 1
| #define HAVE_UNISTD_H 1
| #define HAVE_SYS_IOCTL_H 1
| #define HAVE_SYS_SOCKET_H 1
| #define HAVE_SYS_TIME_H 1
| #define HAVE_LINUX_FB_H 1
| #define HAVE_LINUX_KD_H 1
| #define HAVE_LINUX_KEYBOARD_H 1
| #define HAVE_LINUX_INPUT_H 1
| #define HAVE__BOOL 1
| #define HAVE_STDBOOL_H 1
| #define HAVE_STDLIB_H 1
| #define HAVE_UNISTD_H 1
| #define HAVE_GETPAGESIZE 1
| #define HAVE_MMAP 1
| #define RETSIGTYPE void
| #define LSTAT_FOLLOWS_SLASHED_SYMLINK 1
| #define HAVE_MEMSET 1
| #define HAVE_MEMMOVE 1
| #define HAVE_MUNMAP 1
| #define HAVE_NL_LANGINFO 1
| #define HAVE_SETENV 1
| #define HAVE_SETLOCALE 1
| #define HAVE_SOCKET 1
| #define HAVE_STRCASECMP 1
| #define HAVE_STRCHR 1
| #define HAVE_STRSTR 1
| #define HAVE_STRTOL 1
| /* end confdefs.h.  */
| #include <stdio.h>
| #ifdef HAVE_SYS_TYPES_H
| # include <sys/types.h>
| #endif
| #ifdef HAVE_SYS_STAT_H
| # include <sys/stat.h>
| #endif
| #ifdef STDC_HEADERS
| # include <stdlib.h>
| # include <stddef.h>
| #else
| # ifdef HAVE_STDLIB_H
| #  include <stdlib.h>
| # endif
| #endif
| #ifdef HAVE_STRING_H
| # if !defined STDC_HEADERS && defined HAVE_MEMORY_H
| #  include <memory.h>
| # endif
| # include <string.h>
| #endif
| #ifdef HAVE_STRINGS_H
| # include <strings.h>
| #endif
| #ifdef HAVE_INTTYPES_H
| # include <inttypes.h>
| #endif
| #ifdef HAVE_STDINT_H
| # include <stdint.h>
| #endif
| #ifdef HAVE_UNISTD_H
| # include <unistd.h>
| #endif
| #include <gpm.h>
configure:5633: result: no
configure:5633: checking gpm.h presence
configure:5633: gcc -E  conftest.c
conftest.c:57:17: error: gpm.h: No such file or directory
configure:5633: $? = 1
configure: failed program was:
| /* confdefs.h */
| #define PACKAGE_NAME "FbTerm"
| #define PACKAGE_TARNAME "fbterm"
| #define PACKAGE_VERSION "1.6"
| #define PACKAGE_STRING "FbTerm 1.6"
| #define PACKAGE_BUGREPORT ""
| #define PACKAGE_URL ""
| #define PACKAGE "fbterm"
| #define VERSION "1.6"
| #define HAVE_LIBUTIL 1
| #define STDC_HEADERS 1
| #define HAVE_SYS_WAIT_H 1
| #define HAVE_SYS_TYPES_H 1
| #define HAVE_SYS_STAT_H 1
| #define HAVE_STDLIB_H 1
| #define HAVE_STRING_H 1
| #define HAVE_MEMORY_H 1
| #define HAVE_STRINGS_H 1
| #define HAVE_INTTYPES_H 1
| #define HAVE_STDINT_H 1
| #define HAVE_UNISTD_H 1
| #define HAVE_FCNTL_H 1
| #define HAVE_LANGINFO_H 1
| #define HAVE_LOCALE_H 1
| #define HAVE_STDDEF_H 1
| #define HAVE_STDLIB_H 1
| #define HAVE_STRING_H 1
| #define HAVE_TERMIOS_H 1
| #define HAVE_UNISTD_H 1
| #define HAVE_SYS_IOCTL_H 1
| #define HAVE_SYS_SOCKET_H 1
| #define HAVE_SYS_TIME_H 1
| #define HAVE_LINUX_FB_H 1
| #define HAVE_LINUX_KD_H 1
| #define HAVE_LINUX_KEYBOARD_H 1
| #define HAVE_LINUX_INPUT_H 1
| #define HAVE__BOOL 1
| #define HAVE_STDBOOL_H 1
| #define HAVE_STDLIB_H 1
| #define HAVE_UNISTD_H 1
| #define HAVE_GETPAGESIZE 1
| #define HAVE_MMAP 1
| #define RETSIGTYPE void
| #define LSTAT_FOLLOWS_SLASHED_SYMLINK 1
| #define HAVE_MEMSET 1
| #define HAVE_MEMMOVE 1
| #define HAVE_MUNMAP 1
| #define HAVE_NL_LANGINFO 1
| #define HAVE_SETENV 1
| #define HAVE_SETLOCALE 1
| #define HAVE_SOCKET 1
| #define HAVE_STRCASECMP 1
| #define HAVE_STRCHR 1
| #define HAVE_STRSTR 1
| #define HAVE_STRTOL 1
| /* end confdefs.h.  */
| #include <gpm.h>
configure:5633: result: no
configure:5633: checking for gpm.h
configure:5633: result: no
configure:5655: checking libx86.h usability
configure:5655: gcc -c -g -O2  conftest.c >&5
conftest.c:90:20: error: libx86.h: No such file or directory
configure:5655: $? = 1
configure: failed program was:
| /* confdefs.h */
| #define PACKAGE_NAME "FbTerm"
| #define PACKAGE_TARNAME "fbterm"
| #define PACKAGE_VERSION "1.6"
| #define PACKAGE_STRING "FbTerm 1.6"
| #define PACKAGE_BUGREPORT ""
| #define PACKAGE_URL ""
| #define PACKAGE "fbterm"
| #define VERSION "1.6"
| #define HAVE_LIBUTIL 1
| #define STDC_HEADERS 1
| #define HAVE_SYS_WAIT_H 1
| #define HAVE_SYS_TYPES_H 1
| #define HAVE_SYS_STAT_H 1
| #define HAVE_STDLIB_H 1
| #define HAVE_STRING_H 1
| #define HAVE_MEMORY_H 1
| #define HAVE_STRINGS_H 1
| #define HAVE_INTTYPES_H 1
| #define HAVE_STDINT_H 1
| #define HAVE_UNISTD_H 1
| #define HAVE_FCNTL_H 1
| #define HAVE_LANGINFO_H 1
| #define HAVE_LOCALE_H 1
| #define HAVE_STDDEF_H 1
| #define HAVE_STDLIB_H 1
| #define HAVE_STRING_H 1
| #define HAVE_TERMIOS_H 1
| #define HAVE_UNISTD_H 1
| #define HAVE_SYS_IOCTL_H 1
| #define HAVE_SYS_SOCKET_H 1
| #define HAVE_SYS_TIME_H 1
| #define HAVE_LINUX_FB_H 1
| #define HAVE_LINUX_KD_H 1
| #define HAVE_LINUX_KEYBOARD_H 1
| #define HAVE_LINUX_INPUT_H 1
| #define HAVE__BOOL 1
| #define HAVE_STDBOOL_H 1
| #define HAVE_STDLIB_H 1
| #define HAVE_UNISTD_H 1
| #define HAVE_GETPAGESIZE 1
| #define HAVE_MMAP 1
| #define RETSIGTYPE void
| #define LSTAT_FOLLOWS_SLASHED_SYMLINK 1
| #define HAVE_MEMSET 1
| #define HAVE_MEMMOVE 1
| #define HAVE_MUNMAP 1
| #define HAVE_NL_LANGINFO 1
| #define HAVE_SETENV 1
| #define HAVE_SETLOCALE 1
| #define HAVE_SOCKET 1
| #define HAVE_STRCASECMP 1
| #define HAVE_STRCHR 1
| #define HAVE_STRSTR 1
| #define HAVE_STRTOL 1
| /* end confdefs.h.  */
| #include <stdio.h>
| #ifdef HAVE_SYS_TYPES_H
| # include <sys/types.h>
| #endif
| #ifdef HAVE_SYS_STAT_H
| # include <sys/stat.h>
| #endif
| #ifdef STDC_HEADERS
| # include <stdlib.h>
| # include <stddef.h>
| #else
| # ifdef HAVE_STDLIB_H
| #  include <stdlib.h>
| # endif
| #endif
| #ifdef HAVE_STRING_H
| # if !defined STDC_HEADERS && defined HAVE_MEMORY_H
| #  include <memory.h>
| # endif
| # include <string.h>
| #endif
| #ifdef HAVE_STRINGS_H
| # include <strings.h>
| #endif
| #ifdef HAVE_INTTYPES_H
| # include <inttypes.h>
| #endif
| #ifdef HAVE_STDINT_H
| # include <stdint.h>
| #endif
| #ifdef HAVE_UNISTD_H
| # include <unistd.h>
| #endif
| #include <libx86.h>
configure:5655: result: no
configure:5655: checking libx86.h presence
configure:5655: gcc -E  conftest.c
conftest.c:57:20: error: libx86.h: No such file or directory
configure:5655: $? = 1
configure: failed program was:
| /* confdefs.h */
| #define PACKAGE_NAME "FbTerm"
| #define PACKAGE_TARNAME "fbterm"
| #define PACKAGE_VERSION "1.6"
| #define PACKAGE_STRING "FbTerm 1.6"
| #define PACKAGE_BUGREPORT ""
| #define PACKAGE_URL ""
| #define PACKAGE "fbterm"
| #define VERSION "1.6"
| #define HAVE_LIBUTIL 1
| #define STDC_HEADERS 1
| #define HAVE_SYS_WAIT_H 1
| #define HAVE_SYS_TYPES_H 1
| #define HAVE_SYS_STAT_H 1
| #define HAVE_STDLIB_H 1
| #define HAVE_STRING_H 1
| #define HAVE_MEMORY_H 1
| #define HAVE_STRINGS_H 1
| #define HAVE_INTTYPES_H 1
| #define HAVE_STDINT_H 1
| #define HAVE_UNISTD_H 1
| #define HAVE_FCNTL_H 1
| #define HAVE_LANGINFO_H 1
| #define HAVE_LOCALE_H 1
| #define HAVE_STDDEF_H 1
| #define HAVE_STDLIB_H 1
| #define HAVE_STRING_H 1
| #define HAVE_TERMIOS_H 1
| #define HAVE_UNISTD_H 1
| #define HAVE_SYS_IOCTL_H 1
| #define HAVE_SYS_SOCKET_H 1
| #define HAVE_SYS_TIME_H 1
| #define HAVE_LINUX_FB_H 1
| #define HAVE_LINUX_KD_H 1
| #define HAVE_LINUX_KEYBOARD_H 1
| #define HAVE_LINUX_INPUT_H 1
| #define HAVE__BOOL 1
| #define HAVE_STDBOOL_H 1
| #define HAVE_STDLIB_H 1
| #define HAVE_UNISTD_H 1
| #define HAVE_GETPAGESIZE 1
| #define HAVE_MMAP 1
| #define RETSIGTYPE void
| #define LSTAT_FOLLOWS_SLASHED_SYMLINK 1
| #define HAVE_MEMSET 1
| #define HAVE_MEMMOVE 1
| #define HAVE_MUNMAP 1
| #define HAVE_NL_LANGINFO 1
| #define HAVE_SETENV 1
| #define HAVE_SETLOCALE 1
| #define HAVE_SOCKET 1
| #define HAVE_STRCASECMP 1
| #define HAVE_STRCHR 1
| #define HAVE_STRSTR 1
| #define HAVE_STRTOL 1
| /* end confdefs.h.  */
| #include <libx86.h>
configure:5655: result: no
configure:5655: checking for libx86.h
configure:5655: result: no
configure:5691: gcc -o conftest -g -O2   conftest.c -lutil  >&5
configure:5691: $? = 0
configure:5691: ./conftest
configure:5691: $? = 0
configure:5719: gcc -o conftest -g -O2   conftest.c -lutil  >&5
configure:5719: $? = 0
configure:5719: ./conftest
configure:5719: $? = 0
configure:5887: creating ./config.status

## ---------------------- ##
## Running config.status. ##
## ---------------------- ##

This file was extended by FbTerm config.status 1.6, which was
generated by GNU Autoconf 2.64.  Invocation command line was

  CONFIG_FILES    = 
  CONFIG_HEADERS  = 
  CONFIG_LINKS    = 
  CONFIG_COMMANDS = 
  $ ./config.status 

on nodo3

config.status:917: creating Makefile
config.status:917: creating src/Makefile
config.status:917: creating src/lib/Makefile
config.status:917: creating im/Makefile
config.status:917: creating terminfo/Makefile
config.status:917: creating doc/Makefile
config.status:917: creating doc/fbterm.1
config.status:917: creating config.h
config.status:1149: linking src/input_key.h to im/input_key.h
config.status:1149: linking src/immessage.h to im/immessage.h
config.status:1168: executing depfiles commands
configure:7240: WARNING: gpm.h doesn't exist! gpm mouse support will be disabled!
configure:7242: WARNING: libx86.h doesn't exist! VESA support will be disabled!

## ---------------- ##
## Cache variables. ##
## ---------------- ##

ac_cv_c_compiler_gnu=yes
ac_cv_c_const=yes
ac_cv_cxx_compiler_gnu=yes
ac_cv_env_CCC_set=
ac_cv_env_CCC_value=
ac_cv_env_CC_set=
ac_cv_env_CC_value=
ac_cv_env_CFLAGS_set=
ac_cv_env_CFLAGS_value=
ac_cv_env_CPPFLAGS_set=
ac_cv_env_CPPFLAGS_value=
ac_cv_env_CPP_set=
ac_cv_env_CPP_value=
ac_cv_env_CXXFLAGS_set=
ac_cv_env_CXXFLAGS_value=
ac_cv_env_CXX_set=
ac_cv_env_CXX_value=
ac_cv_env_LDFLAGS_set=
ac_cv_env_LDFLAGS_value=
ac_cv_env_LIBS_set=
ac_cv_env_LIBS_value=
ac_cv_env_PKG_CONFIG_set=
ac_cv_env_PKG_CONFIG_value=
ac_cv_env_build_alias_set=
ac_cv_env_build_alias_value=
ac_cv_env_fontconfig_CFLAGS_set=
ac_cv_env_fontconfig_CFLAGS_value=
ac_cv_env_fontconfig_LIBS_set=
ac_cv_env_fontconfig_LIBS_value=
ac_cv_env_freetype2_CFLAGS_set=
ac_cv_env_freetype2_CFLAGS_value=
ac_cv_env_freetype2_LIBS_set=
ac_cv_env_freetype2_LIBS_value=
ac_cv_env_host_alias_set=
ac_cv_env_host_alias_value=
ac_cv_env_target_alias_set=
ac_cv_env_target_alias_value=
ac_cv_func_getpagesize=yes
ac_cv_func_lstat_dereferences_slashed_symlink=yes
ac_cv_func_memmove=yes
ac_cv_func_memset=yes
ac_cv_func_mmap_fixed_mapped=yes
ac_cv_func_munmap=yes
ac_cv_func_nl_langinfo=yes
ac_cv_func_setenv=yes
ac_cv_func_setlocale=yes
ac_cv_func_socket=yes
ac_cv_func_stat_empty_string_bug=no
ac_cv_func_strcasecmp=yes
ac_cv_func_strchr=yes
ac_cv_func_strstr=yes
ac_cv_func_strtol=yes
ac_cv_header_fcntl_h=yes
ac_cv_header_gpm_h=no
ac_cv_header_inttypes_h=yes
ac_cv_header_langinfo_h=yes
ac_cv_header_libx86_h=no
ac_cv_header_linux_fb_h=yes
ac_cv_header_linux_input_h=yes
ac_cv_header_linux_kd_h=yes
ac_cv_header_linux_keyboard_h=yes
ac_cv_header_locale_h=yes
ac_cv_header_memory_h=yes
ac_cv_header_stdbool_h=yes
ac_cv_header_stdc=yes
ac_cv_header_stddef_h=yes
ac_cv_header_stdint_h=yes
ac_cv_header_stdlib_h=yes
ac_cv_header_string_h=yes
ac_cv_header_strings_h=yes
ac_cv_header_sys_ioctl_h=yes
ac_cv_header_sys_socket_h=yes
ac_cv_header_sys_stat_h=yes
ac_cv_header_sys_time_h=yes
ac_cv_header_sys_types_h=yes
ac_cv_header_sys_wait_h=yes
ac_cv_header_termios_h=yes
ac_cv_header_unistd_h=yes
ac_cv_lib_util_forkpty=yes
ac_cv_objext=o
ac_cv_path_EGREP='/bin/grep -E'
ac_cv_path_GREP=/bin/grep
ac_cv_path_ac_pt_PKG_CONFIG=/usr/bin/pkg-config
ac_cv_path_install='/usr/bin/install -c'
ac_cv_path_mkdir=/bin/mkdir
ac_cv_prog_AWK=gawk
ac_cv_prog_CPP='gcc -E'
ac_cv_prog_ac_ct_CC=gcc
ac_cv_prog_ac_ct_CXX=g++
ac_cv_prog_ac_ct_RANLIB=ranlib
ac_cv_prog_cc_c89=
ac_cv_prog_cc_g=yes
ac_cv_prog_cxx_g=yes
ac_cv_prog_gcc_traditional=no
ac_cv_prog_make_make_set=yes
ac_cv_struct_tm=time.h
ac_cv_type__Bool=yes
ac_cv_type_signal=void
am_cv_CC_dependencies_compiler_type=gcc3
am_cv_CXX_dependencies_compiler_type=gcc3
pkg_cv_fontconfig_CFLAGS=' '
pkg_cv_fontconfig_LIBS='-lfontconfig  '
pkg_cv_freetype2_CFLAGS='-I/usr/include/freetype2  '
pkg_cv_freetype2_LIBS='-lfreetype -lz  '

## ----------------- ##
## Output variables. ##
## ----------------- ##

ACLOCAL='${SHELL} /home/rafa/Desktop/fbterm-1.6/missing --run aclocal-1.11'
AMDEPBACKSLASH='\'
AMDEP_FALSE='#'
AMDEP_TRUE=''
AMTAR='${SHELL} /home/rafa/Desktop/fbterm-1.6/missing --run tar'
AUTOCONF='${SHELL} /home/rafa/Desktop/fbterm-1.6/missing --run autoconf'
AUTOHEADER='${SHELL} /home/rafa/Desktop/fbterm-1.6/missing --run autoheader'
AUTOMAKE='${SHELL} /home/rafa/Desktop/fbterm-1.6/missing --run automake-1.11'
AWK='gawk'
CC='gcc'
CCDEPMODE='depmode=gcc3'
CFLAGS='-g -O2'
CPP='gcc -E'
CPPFLAGS=''
CXX='g++'
CXXDEPMODE='depmode=gcc3'
CXXFLAGS='-g -O2'
CYGPATH_W='echo'
DEFS='-DHAVE_CONFIG_H'
DEPDIR='.deps'
ECHO_C=''
ECHO_N='-n'
ECHO_T=''
EGREP='/bin/grep -E'
EXEEXT=''
FC_INC=' '
FC_LIB='-lfontconfig  '
FT2_INC='-I/usr/include/freetype2  '
FT2_LIB='-lfreetype -lz  '
GREP='/bin/grep'
INSTALL_DATA='${INSTALL} -m 644'
INSTALL_PROGRAM='${INSTALL}'
INSTALL_SCRIPT='${INSTALL}'
INSTALL_STRIP_PROGRAM='$(install_sh) -c -s'
LDFLAGS=''
LIBOBJS=''
LIBS='-lutil '
LTLIBOBJS=''
MAKEINFO='${SHELL} /home/rafa/Desktop/fbterm-1.6/missing --run makeinfo'
MKDIR_P='/bin/mkdir -p'
OBJEXT='o'
PACKAGE='fbterm'
PACKAGE_BUGREPORT=''
PACKAGE_NAME='FbTerm'
PACKAGE_STRING='FbTerm 1.6'
PACKAGE_TARNAME='fbterm'
PACKAGE_URL=''
PACKAGE_VERSION='1.6'
PATH_SEPARATOR=':'
PKG_CONFIG='/usr/bin/pkg-config'
RANLIB='ranlib'
RELEASE_DATE='November 2009'
SET_MAKE=''
SHELL='/bin/sh'
STRIP=''
VERSION='1.6'
VESA_FALSE=''
VESA_TRUE='#'
X86_LIB=''
ac_ct_CC='gcc'
ac_ct_CXX='g++'
am__EXEEXT_FALSE=''
am__EXEEXT_TRUE='#'
am__fastdepCC_FALSE='#'
am__fastdepCC_TRUE=''
am__fastdepCXX_FALSE='#'
am__fastdepCXX_TRUE=''
am__include='include'
am__isrc=''
am__leading_dot='.'
am__quote=''
am__tar='${AMTAR} chof - "$$tardir"'
am__untar='${AMTAR} xf -'
bindir='${exec_prefix}/bin'
build_alias=''
datadir='${datarootdir}'
datarootdir='${prefix}/share'
docdir='${datarootdir}/doc/${PACKAGE_TARNAME}'
dvidir='${docdir}'
exec_prefix='${prefix}'
fontconfig_CFLAGS=' '
fontconfig_LIBS='-lfontconfig  '
freetype2_CFLAGS='-I/usr/include/freetype2  '
freetype2_LIBS='-lfreetype -lz  '
host_alias=''
htmldir='${docdir}'
includedir='${prefix}/include'
infodir='${datarootdir}/info'
install_sh='${SHELL} /home/rafa/Desktop/fbterm-1.6/install-sh'
libdir='${exec_prefix}/lib'
libexecdir='${exec_prefix}/libexec'
localedir='${datarootdir}/locale'
localstatedir='${prefix}/var'
mandir='${datarootdir}/man'
mkdir_p='/bin/mkdir -p'
oldincludedir='/usr/include'
pdfdir='${docdir}'
prefix='/usr/local'
program_transform_name='s,x,x,'
psdir='${docdir}'
sbindir='${exec_prefix}/sbin'
sharedstatedir='${prefix}/com'
sysconfdir='${prefix}/etc'
target_alias=''

## ----------- ##
## confdefs.h. ##
## ----------- ##

/* confdefs.h */
#define PACKAGE_NAME "FbTerm"
#define PACKAGE_TARNAME "fbterm"
#define PACKAGE_VERSION "1.6"
#define PACKAGE_STRING "FbTerm 1.6"
#define PACKAGE_BUGREPORT ""
#define PACKAGE_URL ""
#define PACKAGE "fbterm"
#define VERSION "1.6"
#define HAVE_LIBUTIL 1
#define STDC_HEADERS 1
#define HAVE_SYS_WAIT_H 1
#define HAVE_SYS_TYPES_H 1
#define HAVE_SYS_STAT_H 1
#define HAVE_STDLIB_H 1
#define HAVE_STRING_H 1
#define HAVE_MEMORY_H 1
#define HAVE_STRINGS_H 1
#define HAVE_INTTYPES_H 1
#define HAVE_STDINT_H 1
#define HAVE_UNISTD_H 1
#define HAVE_FCNTL_H 1
#define HAVE_LANGINFO_H 1
#define HAVE_LOCALE_H 1
#define HAVE_STDDEF_H 1
#define HAVE_STDLIB_H 1
#define HAVE_STRING_H 1
#define HAVE_TERMIOS_H 1
#define HAVE_UNISTD_H 1
#define HAVE_SYS_IOCTL_H 1
#define HAVE_SYS_SOCKET_H 1
#define HAVE_SYS_TIME_H 1
#define HAVE_LINUX_FB_H 1
#define HAVE_LINUX_KD_H 1
#define HAVE_LINUX_KEYBOARD_H 1
#define HAVE_LINUX_INPUT_H 1
#define HAVE__BOOL 1
#define HAVE_STDBOOL_H 1
#define HAVE_STDLIB_H 1
#define HAVE_UNISTD_H 1
#define HAVE_GETPAGESIZE 1
#define HAVE_MMAP 1
#define RETSIGTYPE void
#define LSTAT_FOLLOWS_SLASHED_SYMLINK 1
#define HAVE_MEMSET 1
#define HAVE_MEMMOVE 1
#define HAVE_MUNMAP 1
#define HAVE_NL_LANGINFO 1
#define HAVE_SETENV 1
#define HAVE_SETLOCALE 1
#define HAVE_SOCKET 1
#define HAVE_STRCASECMP 1
#define HAVE_STRCHR 1
#define HAVE_STRSTR 1
#define HAVE_STRTOL 1
#define HAVE_EPOLL 1
#define HAVE_SIGNALFD 1

configure: exit 0
