This file contains any messages produced by compilers while
running configure, to aid debugging if configure makes a mistake.

It was created by configure, which was
generated by GNU Autoconf 2.59.  Invocation command line was

  $ ./configure 

## --------- ##
## Platform. ##
## --------- ##

hostname = nodo3
uname -m = i686
uname -r = 2.6.32-3-686
uname -s = Linux
uname -v = #1 SMP Thu Feb 25 06:14:20 UTC 2010

/usr/bin/uname -p = unknown
/bin/uname -X     = unknown

/bin/arch              = unknown
/usr/bin/arch -k       = unknown
/usr/convex/getsysinfo = unknown
hostinfo               = unknown
/bin/machine           = unknown
/usr/bin/oslevel       = unknown
/bin/universe          = unknown

PATH: /bin
PATH: /usr/bin
PATH: /usr/local/bin
PATH: /usr/bin
PATH: /bin
PATH: /usr/games


## ----------- ##
## Core tests. ##
## ----------- ##

configure:1300: checking for a BSD-compatible install
configure:1355: result: /usr/bin/install -c
configure:1366: checking whether build environment is sane
configure:1409: result: yes
configure:1424: checking whether make sets $(MAKE)
configure:1444: result: yes
configure:1476: checking for working aclocal-1.4
configure:1487: result: missing
configure:1491: checking for working autoconf
configure:1498: result: found
configure:1506: checking for working automake-1.4
configure:1517: result: missing
configure:1521: checking for working autoheader
configure:1528: result: found
configure:1536: checking for working makeinfo
configure:1543: result: found
configure:1599: checking for gcc
configure:1615: found /usr/bin/gcc
configure:1625: result: gcc
configure:1869: checking for C compiler version
configure:1872: gcc --version </dev/null >&5
gcc (GCC) 4.1.3 20080704 (prerelease) (Debian 4.1.2-25)
Copyright (C) 2006 Free Software Foundation, Inc.
This is free software; see the source for copying conditions.  There is NO
warranty; not even for MERCHANTABILITY or FITNESS FOR A PARTICULAR PURPOSE.

configure:1875: $? = 0
configure:1877: gcc -v </dev/null >&5
Using built-in specs.
Target: i486-linux-gnu
Configured with: ../src/configure -v --enable-languages=c,c++ --prefix=/usr --enable-shared --with-system-zlib --libexecdir=/usr/lib --without-included-gettext --enable-threads=posix --enable-nls --with-gxx-include-dir=/usr/include/c++/4.1.3 --program-suffix=-4.1 --enable-__cxa_atexit --enable-clocale=gnu --enable-libstdcxx-debug --with-tune=generic --enable-checking=release i486-linux-gnu
Thread model: posix
gcc version 4.1.3 20080704 (prerelease) (Debian 4.1.2-25)
configure:1880: $? = 0
configure:1882: gcc -V </dev/null >&5
gcc: '-V' option must have argument
configure:1885: $? = 1
configure:1908: checking for C compiler default output file name
configure:1911: gcc    conftest.c  >&5
configure:1914: $? = 0
configure:1960: result: a.out
configure:1965: checking whether the C compiler works
configure:1971: ./a.out
configure:1974: $? = 0
configure:1991: result: yes
configure:1998: checking whether we are cross compiling
configure:2000: result: no
configure:2003: checking for suffix of executables
configure:2005: gcc -o conftest    conftest.c  >&5
configure:2008: $? = 0
configure:2033: result: 
configure:2039: checking for suffix of object files
configure:2060: gcc -c   conftest.c >&5
configure:2063: $? = 0
configure:2085: result: o
configure:2089: checking whether we are using the GNU C compiler
configure:2113: gcc -c   conftest.c >&5
configure:2119: $? = 0
configure:2123: test -z 
			 || test ! -s conftest.err
configure:2126: $? = 0
configure:2129: test -s conftest.o
configure:2132: $? = 0
configure:2145: result: yes
configure:2151: checking whether gcc accepts -g
configure:2172: gcc -c -g  conftest.c >&5
configure:2178: $? = 0
configure:2182: test -z 
			 || test ! -s conftest.err
configure:2185: $? = 0
configure:2188: test -s conftest.o
configure:2191: $? = 0
configure:2202: result: yes
configure:2219: checking for gcc option to accept ANSI C
configure:2289: gcc  -c -g -O2  conftest.c >&5
configure:2295: $? = 0
configure:2299: test -z 
			 || test ! -s conftest.err
configure:2302: $? = 0
configure:2305: test -s conftest.o
configure:2308: $? = 0
configure:2326: result: none needed
configure:2344: gcc -c -g -O2  conftest.c >&5
conftest.c:2: error: expected '=', ',', ';', 'asm' or '__attribute__' before 'me'
configure:2350: $? = 1
configure: failed program was:
| #ifndef __cplusplus
|   choke me
| #endif
configure:2536: checking for g++
configure:2552: found /usr/bin/g++
configure:2562: result: g++
configure:2578: checking for C++ compiler version
configure:2581: g++ --version </dev/null >&5
g++ (Debian 4.3.3-3) 4.3.3
Copyright (C) 2008 Free Software Foundation, Inc.
This is free software; see the source for copying conditions.  There is NO
warranty; not even for MERCHANTABILITY or FITNESS FOR A PARTICULAR PURPOSE.

configure:2584: $? = 0
configure:2586: g++ -v </dev/null >&5
Using built-in specs.
Target: i486-linux-gnu
Configured with: ../src/configure -v --with-pkgversion='Debian 4.3.3-3' --with-bugurl=file:///usr/share/doc/gcc-4.3/README.Bugs --enable-languages=c,c++,fortran,objc,obj-c++ --prefix=/usr --enable-shared --with-system-zlib --libexecdir=/usr/lib --without-included-gettext --enable-threads=posix --enable-nls --with-gxx-include-dir=/usr/include/c++/4.3 --program-suffix=-4.3 --enable-clocale=gnu --enable-libstdcxx-debug --enable-objc-gc --enable-mpfr --enable-targets=all --enable-cld --with-tune=generic --enable-checking=release --build=i486-linux-gnu --host=i486-linux-gnu --target=i486-linux-gnu
Thread model: posix
gcc version 4.3.3 (Debian 4.3.3-3) 
configure:2589: $? = 0
configure:2591: g++ -V </dev/null >&5
g++: '-V' option must have argument
configure:2594: $? = 1
configure:2597: checking whether we are using the GNU C++ compiler
configure:2621: g++ -c   conftest.cc >&5
configure:2627: $? = 0
configure:2631: test -z 
			 || test ! -s conftest.err
configure:2634: $? = 0
configure:2637: test -s conftest.o
configure:2640: $? = 0
configure:2653: result: yes
configure:2659: checking whether g++ accepts -g
configure:2680: g++ -c -g  conftest.cc >&5
configure:2686: $? = 0
configure:2690: test -z 
			 || test ! -s conftest.err
configure:2693: $? = 0
configure:2696: test -s conftest.o
configure:2699: $? = 0
configure:2710: result: yes
configure:2752: g++ -c -g -O2  conftest.cc >&5
configure:2758: $? = 0
configure:2762: test -z 
			 || test ! -s conftest.err
configure:2765: $? = 0
configure:2768: test -s conftest.o
configure:2771: $? = 0
configure:2797: g++ -c -g -O2  conftest.cc >&5
conftest.cc: In function 'int main()':
conftest.cc:15: error: 'exit' was not declared in this scope
configure:2803: $? = 1
configure: failed program was:
| /* confdefs.h.  */
| 
| #define PACKAGE_NAME ""
| #define PACKAGE_TARNAME ""
| #define PACKAGE_VERSION ""
| #define PACKAGE_STRING ""
| #define PACKAGE_BUGREPORT ""
| #define PACKAGE "mydict-plugins"
| #define VERSION "0.6.0"
| /* end confdefs.h.  */
| 
| int
| main ()
| {
| exit (42);
|   ;
|   return 0;
| }
configure:2752: g++ -c -g -O2  conftest.cc >&5
conftest.cc:11: error: 'void std::exit(int)' should have been declared inside 'std'
configure:2758: $? = 1
configure: failed program was:
| /* confdefs.h.  */
| 
| #define PACKAGE_NAME ""
| #define PACKAGE_TARNAME ""
| #define PACKAGE_VERSION ""
| #define PACKAGE_STRING ""
| #define PACKAGE_BUGREPORT ""
| #define PACKAGE "mydict-plugins"
| #define VERSION "0.6.0"
| /* end confdefs.h.  */
| extern "C" void std::exit (int) throw (); using std::exit;
| #include <stdlib.h>
| int
| main ()
| {
| exit (42);
|   ;
|   return 0;
| }
configure:2752: g++ -c -g -O2  conftest.cc >&5
conftest.cc:11: error: 'void std::exit(int)' should have been declared inside 'std'
In file included from conftest.cc:12:
/usr/include/stdlib.h:543: error: declaration of 'void std::exit(int) throw ()' throws different exceptions
conftest.cc:11: error: from previous declaration 'void std::exit(int)'
configure:2758: $? = 1
configure: failed program was:
| /* confdefs.h.  */
| 
| #define PACKAGE_NAME ""
| #define PACKAGE_TARNAME ""
| #define PACKAGE_VERSION ""
| #define PACKAGE_STRING ""
| #define PACKAGE_BUGREPORT ""
| #define PACKAGE "mydict-plugins"
| #define VERSION "0.6.0"
| /* end confdefs.h.  */
| extern "C" void std::exit (int); using std::exit;
| #include <stdlib.h>
| int
| main ()
| {
| exit (42);
|   ;
|   return 0;
| }
configure:2752: g++ -c -g -O2  conftest.cc >&5
configure:2758: $? = 0
configure:2762: test -z 
			 || test ! -s conftest.err
configure:2765: $? = 0
configure:2768: test -s conftest.o
configure:2771: $? = 0
configure:2797: g++ -c -g -O2  conftest.cc >&5
configure:2803: $? = 0
configure:2807: test -z 
			 || test ! -s conftest.err
configure:2810: $? = 0
configure:2813: test -s conftest.o
configure:2816: $? = 0
configure:2853: checking for a BSD-compatible install
configure:2908: result: /usr/bin/install -c
configure:2921: checking "for gcc -Wl,-bG"
configure:2940: gcc -o conftest -g -O2  -Wl,-bG conftest.c  >&5
/usr/bin/ld: invalid BFD target `G'
collect2: ld returned 1 exit status
configure:2946: $? = 1
configure: failed program was:
| /* confdefs.h.  */
| 
| #define PACKAGE_NAME ""
| #define PACKAGE_TARNAME ""
| #define PACKAGE_VERSION ""
| #define PACKAGE_STRING ""
| #define PACKAGE_BUGREPORT ""
| #define PACKAGE "mydict-plugins"
| #define VERSION "0.6.0"
| #ifdef __cplusplus
| extern "C" void exit (int) throw ();
| #endif
| /* end confdefs.h.  */
| 
| int
| main ()
| {
| void test(void){}
|   ;
|   return 0;
| }
configure:2970: result: no
configure:2975: checking "for gcc -shared"
configure:2993: gcc -o conftest -g -O2  -shared conftest.c  >&5
configure:2999: $? = 0
configure:3003: test -z 
			 || test ! -s conftest.err
configure:3006: $? = 0
configure:3009: test -s conftest
configure:3012: $? = 0
configure:3023: result: yes
configure:3166: creating ./config.status

## ---------------------- ##
## Running config.status. ##
## ---------------------- ##

This file was extended by config.status, which was
generated by GNU Autoconf 2.59.  Invocation command line was

  CONFIG_FILES    = 
  CONFIG_HEADERS  = 
  CONFIG_LINKS    = 
  CONFIG_COMMANDS = 
  $ ./config.status 

on nodo3

config.status:657: creating Makefile
config.status:657: creating ndict/Makefile
config.status:657: creating demo/Makefile
config.status:657: creating test/Makefile
config.status:657: creating dict/Makefile
config.status:657: creating babylon/Makefile
config.status:657: creating stardict/Makefile

## ---------------- ##
## Cache variables. ##
## ---------------- ##

ac_cv_c_compiler_gnu=yes
ac_cv_cxx_compiler_gnu=yes
ac_cv_env_CC_set=
ac_cv_env_CC_value=
ac_cv_env_CFLAGS_set=
ac_cv_env_CFLAGS_value=
ac_cv_env_CPPFLAGS_set=
ac_cv_env_CPPFLAGS_value=
ac_cv_env_CXXFLAGS_set=
ac_cv_env_CXXFLAGS_value=
ac_cv_env_CXX_set=
ac_cv_env_CXX_value=
ac_cv_env_LDFLAGS_set=
ac_cv_env_LDFLAGS_value=
ac_cv_env_build_alias_set=
ac_cv_env_build_alias_value=
ac_cv_env_host_alias_set=
ac_cv_env_host_alias_value=
ac_cv_env_target_alias_set=
ac_cv_env_target_alias_value=
ac_cv_exeext=
ac_cv_objext=o
ac_cv_path_install='/usr/bin/install -c'
ac_cv_prog_ac_ct_CC=gcc
ac_cv_prog_ac_ct_CXX=g++
ac_cv_prog_cc_g=yes
ac_cv_prog_cc_stdc=
ac_cv_prog_cxx_g=yes
ac_cv_prog_make_make_set=yes

## ----------------- ##
## Output variables. ##
## ----------------- ##

ACLOCAL='/home/rafa/Downloads/mydict-plugins-0.6.0/missing aclocal-1.4'
AUTOCONF='autoconf'
AUTOHEADER='autoheader'
AUTOMAKE='/home/rafa/Downloads/mydict-plugins-0.6.0/missing automake-1.4'
CC='gcc'
CFLAGS=''
CPPFLAGS=''
CXX='g++'
CXXFLAGS='-g -O2'
DEFS='-DPACKAGE_NAME=\"\" -DPACKAGE_TARNAME=\"\" -DPACKAGE_VERSION=\"\" -DPACKAGE_STRING=\"\" -DPACKAGE_BUGREPORT=\"\" -DPACKAGE=\"mydict-plugins\" -DVERSION=\"0.6.0\" '
ECHO_C=''
ECHO_N='-n'
ECHO_T=''
EXEEXT=''
INSTALL_DATA='${INSTALL} -m 644'
INSTALL_PROGRAM='${INSTALL}'
INSTALL_SCRIPT='${INSTALL}'
LDFLAGS=''
LDFLAGS_SHAREDLIB='-shared'
LIBOBJS=''
LIBS=''
LTLIBOBJS=''
MAKEINFO='makeinfo'
OBJEXT='o'
PACKAGE='mydict-plugins'
PACKAGE_BUGREPORT=''
PACKAGE_NAME=''
PACKAGE_STRING=''
PACKAGE_TARNAME=''
PACKAGE_VERSION=''
PATH_SEPARATOR=':'
SET_MAKE=''
SHELL='/bin/sh'
VERSION='0.6.0'
ac_ct_CC='gcc'
ac_ct_CXX='g++'
bindir='${exec_prefix}/bin'
build_alias=''
datadir='${prefix}/share'
exec_prefix='${prefix}'
host_alias=''
includedir='${prefix}/include'
infodir='${prefix}/info'
libdir='${exec_prefix}/lib'
libexecdir='${exec_prefix}/libexec'
localstatedir='${prefix}/var'
mandir='${prefix}/man'
oldincludedir='/usr/include'
prefix='/usr/local'
program_transform_name='s,x,x,'
sbindir='${exec_prefix}/sbin'
sharedstatedir='${prefix}/com'
sysconfdir='${prefix}/etc'
target_alias=''

## ----------- ##
## confdefs.h. ##
## ----------- ##

#define PACKAGE "mydict-plugins"
#define PACKAGE_BUGREPORT ""
#define PACKAGE_NAME ""
#define PACKAGE_STRING ""
#define PACKAGE_TARNAME ""
#define PACKAGE_VERSION ""
#define VERSION "0.6.0"
#endif
#ifdef __cplusplus
extern "C" void exit (int) throw ();

configure: exit 0
