This file contains any messages produced by compilers while
running configure, to aid debugging if configure makes a mistake.

It was created by configure, which was
generated by GNU Autoconf 2.63.  Invocation command line was

  $ ./configure --disable-music-flac --disable-music-flac-shared --disable-music-mp3-shared --disable-music-mp3 --disable-music-mp3-mad-gpl

## --------- ##
## Platform. ##
## --------- ##

hostname = nodo3
uname -m = i686
uname -r = 2.6.32-3-686
uname -s = Linux
uname -v = #1 SMP Thu Feb 25 06:14:20 UTC 2010

/usr/bin/uname -p = unknown
/bin/uname -X     = unknown

/bin/arch              = unknown
/usr/bin/arch -k       = unknown
/usr/convex/getsysinfo = unknown
/usr/bin/hostinfo      = unknown
/bin/machine           = unknown
/usr/bin/oslevel       = unknown
/bin/universe          = unknown

PATH: /bin
PATH: /usr/bin
PATH: /usr/local/bin
PATH: /usr/bin
PATH: /bin
PATH: /usr/games


## ----------- ##
## Core tests. ##
## ----------- ##

configure:2156: checking build system type
configure:2174: result: i686-pc-linux-gnu
configure:2196: checking host system type
configure:2211: result: i686-pc-linux-gnu
configure:2281: checking for gcc
configure:2297: found /usr/bin/gcc
configure:2308: result: gcc
configure:2540: checking for C compiler version
configure:2548: gcc --version >&5
gcc (GCC) 4.1.3 20080704 (prerelease) (Debian 4.1.2-25)
Copyright (C) 2006 Free Software Foundation, Inc.
This is free software; see the source for copying conditions.  There is NO
warranty; not even for MERCHANTABILITY or FITNESS FOR A PARTICULAR PURPOSE.

configure:2552: $? = 0
configure:2559: gcc -v >&5
Using built-in specs.
Target: i486-linux-gnu
Configured with: ../src/configure -v --enable-languages=c,c++ --prefix=/usr --enable-shared --with-system-zlib --libexecdir=/usr/lib --without-included-gettext --enable-threads=posix --enable-nls --with-gxx-include-dir=/usr/include/c++/4.1.3 --program-suffix=-4.1 --enable-__cxa_atexit --enable-clocale=gnu --enable-libstdcxx-debug --with-tune=generic --enable-checking=release i486-linux-gnu
Thread model: posix
gcc version 4.1.3 20080704 (prerelease) (Debian 4.1.2-25)
configure:2563: $? = 0
configure:2570: gcc -V >&5
gcc: '-V' option must have argument
configure:2574: $? = 1
configure:2597: checking for C compiler default output file name
configure:2619: gcc    conftest.c  >&5
configure:2623: $? = 0
configure:2661: result: a.out
configure:2680: checking whether the C compiler works
configure:2690: ./a.out
configure:2694: $? = 0
configure:2713: result: yes
configure:2720: checking whether we are cross compiling
configure:2722: result: no
configure:2725: checking for suffix of executables
configure:2732: gcc -o conftest    conftest.c  >&5
configure:2736: $? = 0
configure:2762: result: 
configure:2768: checking for suffix of object files
configure:2794: gcc -c   conftest.c >&5
configure:2798: $? = 0
configure:2823: result: o
configure:2827: checking whether we are using the GNU C compiler
configure:2856: gcc -c   conftest.c >&5
configure:2863: $? = 0
configure:2880: result: yes
configure:2889: checking whether gcc accepts -g
configure:2919: gcc -c -g  conftest.c >&5
configure:2926: $? = 0
configure:3027: result: yes
configure:3044: checking for gcc option to accept ISO C89
configure:3118: gcc  -c -g -O2  conftest.c >&5
configure:3125: $? = 0
configure:3148: result: none needed
configure:3166: checking for a sed that does not truncate output
configure:3232: result: /bin/sed
configure:3250: checking for grep that handles long lines and -e
configure:3310: result: /bin/grep
configure:3315: checking for egrep
configure:3379: result: /bin/grep -E
configure:3384: checking for fgrep
configure:3448: result: /bin/grep -F
configure:3483: checking for ld used by gcc
configure:3550: result: /usr/bin/ld
configure:3559: checking if the linker (/usr/bin/ld) is GNU ld
configure:3574: result: yes
configure:3586: checking for BSD- or MS-compatible name lister (nm)
configure:3635: result: /usr/bin/nm -B
configure:3753: checking the name lister (/usr/bin/nm -B) interface
configure:3760: gcc -c -g -O2  conftest.c >&5
configure:3763: /usr/bin/nm -B "conftest.o"
configure:3766: output
00000000 B some_variable
configure:3773: result: BSD nm
configure:3776: checking whether ln -s works
configure:3780: result: yes
configure:3788: checking the maximum length of command line arguments
configure:3914: result: 1572864
configure:3931: checking whether the shell understands some XSI constructs
configure:3941: result: yes
configure:3945: checking whether the shell understands "+="
configure:3951: result: yes
configure:3986: checking for /usr/bin/ld option to reload object files
configure:3993: result: -r
configure:4062: checking for objdump
configure:4078: found /usr/bin/objdump
configure:4089: result: objdump
configure:4118: checking how to recognize dependent libraries
configure:4316: result: pass_all
configure:4376: checking for ar
configure:4392: found /usr/bin/ar
configure:4403: result: ar
configure:4481: checking for strip
configure:4497: found /usr/bin/strip
configure:4508: result: strip
configure:4580: checking for ranlib
configure:4596: found /usr/bin/ranlib
configure:4607: result: ranlib
configure:4697: checking command to parse /usr/bin/nm -B output from gcc object
configure:4815: gcc -c -g -O2  conftest.c >&5
configure:4818: $? = 0
configure:4822: /usr/bin/nm -B conftest.o \| sed -n -e 's/^.*[	 ]\([ABCDGIRSTW][ABCDGIRSTW]*\)[	 ][	 ]*\([_A-Za-z][_A-Za-z0-9]*\)$/\1 \2 \2/p' \> conftest.nm
configure:4825: $? = 0
configure:4879: gcc -o conftest -g -O2   conftest.c conftstm.o >&5
configure:4882: $? = 0
configure:4920: result: ok
configure:5787: checking how to run the C preprocessor
configure:5827: gcc -E  conftest.c
configure:5834: $? = 0
configure:5865: gcc -E  conftest.c
conftest.c:8:28: error: ac_nonexistent.h: No such file or directory
configure:5872: $? = 1
configure: failed program was:
| /* confdefs.h.  */
| #define PACKAGE_NAME ""
| #define PACKAGE_TARNAME ""
| #define PACKAGE_VERSION ""
| #define PACKAGE_STRING ""
| #define PACKAGE_BUGREPORT ""
| /* end confdefs.h.  */
| #include <ac_nonexistent.h>
configure:5905: result: gcc -E
configure:5934: gcc -E  conftest.c
configure:5941: $? = 0
configure:5972: gcc -E  conftest.c
conftest.c:8:28: error: ac_nonexistent.h: No such file or directory
configure:5979: $? = 1
configure: failed program was:
| /* confdefs.h.  */
| #define PACKAGE_NAME ""
| #define PACKAGE_TARNAME ""
| #define PACKAGE_VERSION ""
| #define PACKAGE_STRING ""
| #define PACKAGE_BUGREPORT ""
| /* end confdefs.h.  */
| #include <ac_nonexistent.h>
configure:6019: checking for ANSI C header files
configure:6049: gcc -c -g -O2  conftest.c >&5
configure:6056: $? = 0
configure:6155: gcc -o conftest -g -O2   conftest.c  >&5
configure:6159: $? = 0
configure:6165: ./conftest
configure:6169: $? = 0
configure:6187: result: yes
configure:6211: checking for sys/types.h
configure:6232: gcc -c -g -O2  conftest.c >&5
configure:6239: $? = 0
configure:6256: result: yes
configure:6211: checking for sys/stat.h
configure:6232: gcc -c -g -O2  conftest.c >&5
configure:6239: $? = 0
configure:6256: result: yes
configure:6211: checking for stdlib.h
configure:6232: gcc -c -g -O2  conftest.c >&5
configure:6239: $? = 0
configure:6256: result: yes
configure:6211: checking for string.h
configure:6232: gcc -c -g -O2  conftest.c >&5
configure:6239: $? = 0
configure:6256: result: yes
configure:6211: checking for memory.h
configure:6232: gcc -c -g -O2  conftest.c >&5
configure:6239: $? = 0
configure:6256: result: yes
configure:6211: checking for strings.h
configure:6232: gcc -c -g -O2  conftest.c >&5
configure:6239: $? = 0
configure:6256: result: yes
configure:6211: checking for inttypes.h
configure:6232: gcc -c -g -O2  conftest.c >&5
configure:6239: $? = 0
configure:6256: result: yes
configure:6211: checking for stdint.h
configure:6232: gcc -c -g -O2  conftest.c >&5
configure:6239: $? = 0
configure:6256: result: yes
configure:6211: checking for unistd.h
configure:6232: gcc -c -g -O2  conftest.c >&5
configure:6239: $? = 0
configure:6256: result: yes
configure:6274: checking for dlfcn.h
configure:6295: gcc -c -g -O2  conftest.c >&5
configure:6302: $? = 0
configure:6319: result: yes
configure:6803: checking for objdir
configure:6818: result: .libs
configure:7114: checking if gcc supports -fno-rtti -fno-exceptions
configure:7132: gcc -c -g -O2  -fno-rtti -fno-exceptions conftest.c >&5
cc1: warning: command line option "-fno-rtti" is valid for C++/ObjC++ but not for C
configure:7136: $? = 0
configure:7149: result: no
configure:7169: checking for gcc option to produce PIC
configure:7441: result: -fPIC -DPIC
configure:7453: checking if gcc PIC flag -fPIC -DPIC works
configure:7471: gcc -c -g -O2  -fPIC -DPIC -DPIC conftest.c >&5
configure:7475: $? = 0
configure:7488: result: yes
configure:7512: checking if gcc static flag -static works
configure:7540: result: yes
configure:7555: checking if gcc supports -c -o file.o
configure:7576: gcc -c -g -O2  -o out/conftest2.o conftest.c >&5
configure:7580: $? = 0
configure:7602: result: yes
configure:7610: checking if gcc supports -c -o file.o
configure:7657: result: yes
configure:7690: checking whether the gcc linker (/usr/bin/ld) supports shared libraries
configure:8764: result: yes
configure:8801: checking whether -lc should be explicitly linked in
configure:8806: gcc -c -g -O2  conftest.c >&5
configure:8809: $? = 0
configure:8824: gcc -shared conftest.o  -v -Wl,-soname -Wl,conftest -o conftest 2\>\&1 \| /bin/grep  -lc  \>/dev/null 2\>\&1
configure:8827: $? = 0
configure:8839: result: no
configure:9003: checking dynamic linker characteristics
configure:9448: gcc -o conftest -g -O2   -Wl,-rpath -Wl,/foo conftest.c  >&5
configure:9455: $? = 0
configure:9688: result: GNU/Linux ld.so
configure:9790: checking how to hardcode library paths into programs
configure:9815: result: immediate
configure:10648: checking whether stripping libraries is possible
configure:10653: result: yes
configure:10688: checking if libtool supports shared libraries
configure:10690: result: yes
configure:10693: checking whether to build shared libraries
configure:10714: result: yes
configure:10717: checking whether to build static libraries
configure:10721: result: yes
configure:10849: checking for gcc
configure:10876: result: gcc
configure:11108: checking for C compiler version
configure:11116: gcc --version >&5
gcc (GCC) 4.1.3 20080704 (prerelease) (Debian 4.1.2-25)
Copyright (C) 2006 Free Software Foundation, Inc.
This is free software; see the source for copying conditions.  There is NO
warranty; not even for MERCHANTABILITY or FITNESS FOR A PARTICULAR PURPOSE.

configure:11120: $? = 0
configure:11127: gcc -v >&5
Using built-in specs.
Target: i486-linux-gnu
Configured with: ../src/configure -v --enable-languages=c,c++ --prefix=/usr --enable-shared --with-system-zlib --libexecdir=/usr/lib --without-included-gettext --enable-threads=posix --enable-nls --with-gxx-include-dir=/usr/include/c++/4.1.3 --program-suffix=-4.1 --enable-__cxa_atexit --enable-clocale=gnu --enable-libstdcxx-debug --with-tune=generic --enable-checking=release i486-linux-gnu
Thread model: posix
gcc version 4.1.3 20080704 (prerelease) (Debian 4.1.2-25)
configure:11131: $? = 0
configure:11138: gcc -V >&5
gcc: '-V' option must have argument
configure:11142: $? = 1
configure:11145: checking whether we are using the GNU C compiler
configure:11198: result: yes
configure:11207: checking whether gcc accepts -g
configure:11345: result: yes
configure:11362: checking for gcc option to accept ISO C89
configure:11466: result: none needed
configure:11498: checking for a BSD-compatible install
configure:11566: result: /usr/bin/install -c
configure:11577: checking whether make sets $(MAKE)
configure:11599: result: yes
configure:11617: checking for windres
configure:11647: result: no
configure:11617: checking for linux-gnu-windres
configure:11647: result: no
configure:11684: checking for an ANSI C-conforming const
configure:11759: gcc -c -g -O2  -D_GNU_SOURCE=1   -D_GNU_SOURCE=1 conftest.c >&5
configure:11766: $? = 0
configure:11781: result: yes
configure:11801: checking for GCC -MMD -MT option
configure:11829: gcc -c -g -O2  -D_GNU_SOURCE=1   -D_GNU_SOURCE=1 conftest.c >&5
configure:11836: $? = 0
configure:11852: result: yes
configure:11961: checking for pkg-config
configure:11979: found /usr/bin/pkg-config
configure:11991: result: /usr/bin/pkg-config
configure:12016: checking pkg-config is at least version 0.9.0
configure:12019: result: yes
configure:12057: checking for SDL
configure:12065: $PKG_CONFIG --exists --print-errors "sdl >= $min_sdl_version"
configure:12068: $? = 0
configure:12083: $PKG_CONFIG --exists --print-errors "sdl >= $min_sdl_version"
configure:12086: $? = 0
configure:12128: result: yes
configure:12440: checking for pow in -lm
configure:12475: gcc -o conftest -g -O2  -D_GNU_SOURCE=1   -D_GNU_SOURCE=1   conftest.c -lm   >&5
conftest.c:27: warning: conflicting types for built-in function 'pow'
configure:12482: $? = 0
configure:12503: result: yes
configure:12524: checking for fork
configure:12580: gcc -o conftest -g -O2  -D_GNU_SOURCE=1   -D_GNU_SOURCE=1   conftest.c  >&5
conftest.c:43: warning: conflicting types for built-in function 'fork'
configure:12587: $? = 0
configure:12609: result: yes
configure:12524: checking for vfork
configure:12580: gcc -o conftest -g -O2  -D_GNU_SOURCE=1   -D_GNU_SOURCE=1   conftest.c  >&5
configure:12587: $? = 0
configure:12609: result: yes
configure:12672: checking for libmikmod-config
configure:12690: found /usr/bin/libmikmod-config
configure:12703: result: /usr/bin/libmikmod-config
configure:12718: checking for libmikmod - version >= 3.1.10
configure:12752: gcc -o conftest -g -O2  -D_GNU_SOURCE=1 -DLIBMIKMOD_MUSIC -pthread -D_REENTRANT   -D_GNU_SOURCE=1   conftest.c  -L/usr/lib -lmikmod -ldl -L/usr/lib -lm >&5
configure:12756: $? = 0
configure:12762: ./conftest
configure:12766: $? = 0
configure:13150: checking vorbis/vorbisfile.h usability
configure:13167: gcc -c -g -O2  -D_GNU_SOURCE=1 -DLIBMIKMOD_MUSIC -pthread -D_REENTRANT   -D_GNU_SOURCE=1 conftest.c >&5
configure:13174: $? = 0
configure:13188: result: yes
configure:13192: checking vorbis/vorbisfile.h presence
configure:13207: gcc -E   -D_GNU_SOURCE=1 conftest.c
configure:13214: $? = 0
configure:13228: result: yes
configure:13256: checking for vorbis/vorbisfile.h
configure:13263: result: yes
configure:13272: checking for ov_open_callbacks in -lvorbisfile
configure:13307: gcc -o conftest -g -O2  -D_GNU_SOURCE=1 -DLIBMIKMOD_MUSIC -pthread -D_REENTRANT   -D_GNU_SOURCE=1   conftest.c -lvorbisfile   -L/usr/lib -lmikmod -ldl -L/usr/lib -lm >&5
configure:13314: $? = 0
configure:13335: result: yes
configure:14244: WARNING: MP3 support disabled
configure:14438: creating ./config.status

## ---------------------- ##
## Running config.status. ##
## ---------------------- ##

This file was extended by config.status, which was
generated by GNU Autoconf 2.63.  Invocation command line was

  CONFIG_FILES    = 
  CONFIG_HEADERS  = 
  CONFIG_LINKS    = 
  CONFIG_COMMANDS = 
  $ ./config.status 

on nodo3

config.status:974: creating Makefile
config.status:974: creating SDL_mixer.spec
config.status:974: creating SDL_mixer.qpg
config.status:974: creating SDL_mixer.pc
config.status:1179: executing libtool commands

## ---------------- ##
## Cache variables. ##
## ---------------- ##

ac_cv_build=i686-pc-linux-gnu
ac_cv_c_compiler_gnu=yes
ac_cv_c_const=yes
ac_cv_env_CC_set=
ac_cv_env_CC_value=
ac_cv_env_CFLAGS_set=
ac_cv_env_CFLAGS_value=
ac_cv_env_CPPFLAGS_set=
ac_cv_env_CPPFLAGS_value=
ac_cv_env_CPP_set=
ac_cv_env_CPP_value=
ac_cv_env_LDFLAGS_set=
ac_cv_env_LDFLAGS_value=
ac_cv_env_LIBS_set=
ac_cv_env_LIBS_value=
ac_cv_env_PKG_CONFIG_set=
ac_cv_env_PKG_CONFIG_value=
ac_cv_env_SDL_CFLAGS_set=
ac_cv_env_SDL_CFLAGS_value=
ac_cv_env_SDL_LIBS_set=
ac_cv_env_SDL_LIBS_value=
ac_cv_env_build_alias_set=
ac_cv_env_build_alias_value=
ac_cv_env_host_alias_set=
ac_cv_env_host_alias_value=
ac_cv_env_target_alias_set=
ac_cv_env_target_alias_value=
ac_cv_func_fork=yes
ac_cv_func_vfork=yes
ac_cv_header_dlfcn_h=yes
ac_cv_header_inttypes_h=yes
ac_cv_header_memory_h=yes
ac_cv_header_stdc=yes
ac_cv_header_stdint_h=yes
ac_cv_header_stdlib_h=yes
ac_cv_header_string_h=yes
ac_cv_header_strings_h=yes
ac_cv_header_sys_stat_h=yes
ac_cv_header_sys_types_h=yes
ac_cv_header_unistd_h=yes
ac_cv_header_vorbis_vorbisfile_h=yes
ac_cv_host=i686-pc-linux-gnu
ac_cv_lib_m_pow=yes
ac_cv_lib_vorbisfile_ov_open_callbacks=yes
ac_cv_objext=o
ac_cv_path_EGREP='/bin/grep -E'
ac_cv_path_FGREP='/bin/grep -F'
ac_cv_path_GREP=/bin/grep
ac_cv_path_LIBMIKMOD_CONFIG=/usr/bin/libmikmod-config
ac_cv_path_SED=/bin/sed
ac_cv_path_ac_pt_PKG_CONFIG=/usr/bin/pkg-config
ac_cv_path_install='/usr/bin/install -c'
ac_cv_prog_CPP='gcc -E'
ac_cv_prog_ac_ct_AR=ar
ac_cv_prog_ac_ct_CC=gcc
ac_cv_prog_ac_ct_OBJDUMP=objdump
ac_cv_prog_ac_ct_RANLIB=ranlib
ac_cv_prog_ac_ct_STRIP=strip
ac_cv_prog_cc_c89=
ac_cv_prog_cc_g=yes
ac_cv_prog_make_make_set=yes
lt_cv_deplibs_check_method=pass_all
lt_cv_file_magic_cmd='$MAGIC_CMD'
lt_cv_file_magic_test_file=
lt_cv_ld_reload_flag=-r
lt_cv_nm_interface='BSD nm'
lt_cv_objdir=.libs
lt_cv_path_LD=/usr/bin/ld
lt_cv_path_NM='/usr/bin/nm -B'
lt_cv_prog_compiler_c_o=yes
lt_cv_prog_compiler_pic_works=yes
lt_cv_prog_compiler_rtti_exceptions=no
lt_cv_prog_compiler_static_works=yes
lt_cv_prog_gnu_ld=yes
lt_cv_sys_global_symbol_pipe='sed -n -e '\''s/^.*[	 ]\([ABCDGIRSTW][ABCDGIRSTW]*\)[	 ][	 ]*\([_A-Za-z][_A-Za-z0-9]*\)$/\1 \2 \2/p'\'''
lt_cv_sys_global_symbol_to_c_name_address='sed -n -e '\''s/^: \([^ ]*\) $/  {\"\1\", (void *) 0},/p'\'' -e '\''s/^[ABCDGIRSTW]* \([^ ]*\) \([^ ]*\)$/  {"\2", (void *) \&\2},/p'\'''
lt_cv_sys_global_symbol_to_c_name_address_lib_prefix='sed -n -e '\''s/^: \([^ ]*\) $/  {\"\1\", (void *) 0},/p'\'' -e '\''s/^[ABCDGIRSTW]* \([^ ]*\) \(lib[^ ]*\)$/  {"\2", (void *) \&\2},/p'\'' -e '\''s/^[ABCDGIRSTW]* \([^ ]*\) \([^ ]*\)$/  {"lib\2", (void *) \&\2},/p'\'''
lt_cv_sys_global_symbol_to_cdecl='sed -n -e '\''s/^T .* \(.*\)$/extern int \1();/p'\'' -e '\''s/^[ABCDGIRSTW]* .* \(.*\)$/extern char \1;/p'\'''
lt_cv_sys_max_cmd_len=1572864
pkg_cv_SDL_CFLAGS='-D_GNU_SOURCE=1 -D_REENTRANT -I/usr/include/SDL  '
pkg_cv_SDL_LIBS='-lSDL  '

## ----------------- ##
## Output variables. ##
## ----------------- ##

	$(LIBTOOL) --mode=compile $(CC) $(CFLAGS) $(EXTRA_CFLAGS) -MMD -MT $@ -c $< -o $@ 
	$(LIBTOOL) --mode=compile $(CC) $(CFLAGS) $(EXTRA_CFLAGS) -MMD -MT $@ -c $< -o $@ 
	$(LIBTOOL) --mode=compile $(CC) $(CFLAGS) $(EXTRA_CFLAGS) -MMD -MT $@ -c $< -o $@ 
	$(LIBTOOL) --mode=compile $(CC) $(CFLAGS) $(EXTRA_CFLAGS) -MMD -MT $@ -c $< -o $@ 
	$(LIBTOOL) --mode=compile $(CC) $(CFLAGS) $(EXTRA_CFLAGS) -MMD -MT $@ -c $< -o $@ 
	$(LIBTOOL) --mode=compile $(CC) $(CFLAGS) $(EXTRA_CFLAGS) -MMD -MT $@ -c $< -o $@ 
	$(LIBTOOL) --mode=compile $(CC) $(CFLAGS) $(EXTRA_CFLAGS) -MMD -MT $@ -c $< -o $@ 
	$(LIBTOOL) --mode=compile $(CC) $(CFLAGS) $(EXTRA_CFLAGS) -MMD -MT $@ -c $< -o $@ 
	$(LIBTOOL) --mode=compile $(CC) $(CFLAGS) $(EXTRA_CFLAGS) -MMD -MT $@ -c $< -o $@ 
	$(LIBTOOL) --mode=compile $(CC) $(CFLAGS) $(EXTRA_CFLAGS) -MMD -MT $@ -c $< -o $@ 
	$(LIBTOOL) --mode=compile $(CC) $(CFLAGS) $(EXTRA_CFLAGS) -MMD -MT $@ -c $< -o $@ 
	$(LIBTOOL) --mode=compile $(CC) $(CFLAGS) $(EXTRA_CFLAGS) -MMD -MT $@ -c $< -o $@ 
	$(LIBTOOL) --mode=compile $(CC) $(CFLAGS) $(EXTRA_CFLAGS) -MMD -MT $@ -c $< -o $@ 
	$(LIBTOOL) --mode=compile $(CC) $(CFLAGS) $(EXTRA_CFLAGS) -MMD -MT $@ -c $< -o $@ 
	$(LIBTOOL) --mode=compile $(CC) $(CFLAGS) $(EXTRA_CFLAGS) -MMD -MT $@ -c $< -o $@ 
	$(LIBTOOL) --mode=compile $(CC) $(CFLAGS) $(EXTRA_CFLAGS) -MMD -MT $@ -c $< -o $@ 
	$(LIBTOOL) --mode=compile $(CC) $(CFLAGS) $(EXTRA_CFLAGS) -MMD -MT $@ -c $< -o $@ 
	$(LIBTOOL) --mode=compile $(CC) $(CFLAGS) $(EXTRA_CFLAGS) -MMD -MT $@ -c $< -o $@ 
	$(LIBTOOL) --mode=compile $(CC) $(CFLAGS) $(EXTRA_CFLAGS) -MMD -MT $@ -c $< -o $@ 
	$(LIBTOOL) --mode=compile $(CC) $(CFLAGS) $(EXTRA_CFLAGS) -MMD -MT $@ -c $< -o $@ 
	$(LIBTOOL) --mode=compile $(CC) $(CFLAGS) $(EXTRA_CFLAGS) -MMD -MT $@ -c $< -o $@ 
	$(LIBTOOL) --mode=compile $(CC) $(CFLAGS) $(EXTRA_CFLAGS) -MMD -MT $@ -c $< -o $@ 
	$(LIBTOOL) --mode=compile $(CC) $(CFLAGS) $(EXTRA_CFLAGS) -MMD -MT $@ -c $< -o $@ 
	$(LIBTOOL) --mode=compile $(CC) $(CFLAGS) $(EXTRA_CFLAGS) -MMD -MT $@ -c $< -o $@ 
	$(LIBTOOL) --mode=compile $(CC) $(CFLAGS) $(EXTRA_CFLAGS) -MMD -MT $@ -c $< -o $@ 
	$(LIBTOOL) --mode=compile $(CC) $(CFLAGS) $(EXTRA_CFLAGS) -MMD -MT $@ -c $< -o $@ 
	$(LIBTOOL) --mode=compile $(CC) $(CFLAGS) $(EXTRA_CFLAGS) -MMD -MT $@ -c $< -o $@'
	$(LIBTOOL) --mode=compile $(CC) $(CFLAGS) $(EXTRA_CFLAGS) -MMD -MT $@ -c $< -o $@'
	$(LIBTOOL) --mode=compile $(CC) $(CFLAGS) $(EXTRA_CFLAGS) -MMD -MT $@ -c $< -o $@'
$(objects)/common.lo: ./timidity/common.c
$(objects)/ctrlmode.lo: ./timidity/ctrlmode.c
$(objects)/dynamic_mod.lo: ./dynamic_mod.c
$(objects)/dynamic_ogg.lo: ./dynamic_ogg.c
$(objects)/effect_position.lo: ./effect_position.c
$(objects)/effect_stereoreverse.lo: ./effect_stereoreverse.c
$(objects)/effects_internal.lo: ./effects_internal.c
$(objects)/filter.lo: ./timidity/filter.c
$(objects)/instrum.lo: ./timidity/instrum.c
$(objects)/load_aiff.lo: ./load_aiff.c
$(objects)/load_ogg.lo: ./load_ogg.c
$(objects)/load_voc.lo: ./load_voc.c
$(objects)/mix.lo: ./timidity/mix.c
$(objects)/mixer.lo: ./mixer.c
$(objects)/music.lo: ./music.c
$(objects)/music_cmd.lo: ./music_cmd.c
$(objects)/music_mod.lo: ./music_mod.c
$(objects)/music_ogg.lo: ./music_ogg.c
$(objects)/output.lo: ./timidity/output.c
$(objects)/playmidi.lo: ./timidity/playmidi.c
$(objects)/playmus.lo: ./playmus.c
$(objects)/playwave.lo: ./playwave.c
$(objects)/readmidi.lo: ./timidity/readmidi.c
$(objects)/resample.lo: ./timidity/resample.c
$(objects)/sdl_a.lo: ./timidity/sdl_a.c
$(objects)/sdl_c.lo: ./timidity/sdl_c.c
$(objects)/tables.lo: ./timidity/tables.c
$(objects)/timidity.lo: ./timidity/timidity.c
$(objects)/wavestream.lo: ./wavestream.c
AR='ar'
AS='as'
BINARY_AGE='11'
BUILD_CFLAGS='-g -O2 '
BUILD_LDFLAGS=''
CC='gcc'
CFLAGS='-g -O2  -D_GNU_SOURCE=1 -DLIBMIKMOD_MUSIC -pthread -D_REENTRANT'
CPP='gcc -E'
CPPFLAGS='  -D_GNU_SOURCE=1'
DEFS='-DPACKAGE_NAME=\"\" -DPACKAGE_TARNAME=\"\" -DPACKAGE_VERSION=\"\" -DPACKAGE_STRING=\"\" -DPACKAGE_BUGREPORT=\"\" -DSTDC_HEADERS=1 -DHAVE_SYS_TYPES_H=1 -DHAVE_SYS_STAT_H=1 -DHAVE_STDLIB_H=1 -DHAVE_STRING_H=1 -DHAVE_MEMORY_H=1 -DHAVE_STRINGS_H=1 -DHAVE_INTTYPES_H=1 -DHAVE_STDINT_H=1 -DHAVE_UNISTD_H=1 -DHAVE_DLFCN_H=1 -DLT_OBJDIR=\".libs/\" -DHAVE_FORK=1 -DHAVE_VFORK=1'
DEPENDS='
DLLTOOL='dlltool'
DSYMUTIL=''
DUMPBIN=''
ECHO_C=''
ECHO_N='-n'
ECHO_T=''
EGREP='/bin/grep -E'
EXE=''
EXEEXT=''
EXTRA_CFLAGS=' -D_GNU_SOURCE=1 -D_GNU_SOURCE=1 -D_REENTRANT -I/usr/include/SDL   -DHAVE_FORK -DCMD_MUSIC -DWAV_MUSIC -DMOD_MUSIC -pthread -D_REENTRANT -DMOD_DYNAMIC=\"libmikmod.so.2\" -DMID_MUSIC -DUSE_TIMIDITY_MIDI -I$(srcdir)/timidity -DOGG_MUSIC -DOGG_DYNAMIC=\"libvorbisfile.so.3\"'
EXTRA_LDFLAGS=' -lSDL  '
FGREP='/bin/grep -F'
GREP='/bin/grep'
INSTALL_DATA='${INSTALL} -m 644'
INSTALL_PROGRAM='${INSTALL}'
INSTALL_SCRIPT='${INSTALL}'
INTERFACE_AGE='1'
LD='/usr/bin/ld'
LDFLAGS=' '
LIBMIKMOD_CONFIG='/usr/bin/libmikmod-config'
LIBOBJS=''
LIBS=' -L/usr/lib -lmikmod -ldl -L/usr/lib -lm'
LIBTOOL='$(SHELL) $(top_builddir)/libtool'
LIPO=''
LN_S='ln -s'
LTLIBOBJS=''
LT_AGE='10'
LT_CURRENT='10'
LT_RELEASE='1.2'
LT_REVISION='1'
MAJOR_VERSION='1'
MICRO_VERSION='11'
MINOR_VERSION='2'
NM='/usr/bin/nm -B'
NMEDIT=''
OBJDUMP='objdump'
OBJECTS='$(objects)/effect_position.lo $(objects)/effect_stereoreverse.lo $(objects)/effects_internal.lo $(objects)/load_aiff.lo $(objects)/load_voc.lo $(objects)/mixer.lo $(objects)/music.lo $(objects)/music_cmd.lo $(objects)/wavestream.lo $(objects)/dynamic_mod.lo $(objects)/music_mod.lo $(objects)/common.lo $(objects)/ctrlmode.lo $(objects)/filter.lo $(objects)/instrum.lo $(objects)/mix.lo $(objects)/output.lo $(objects)/playmidi.lo $(objects)/readmidi.lo $(objects)/resample.lo $(objects)/sdl_a.lo $(objects)/sdl_c.lo $(objects)/tables.lo $(objects)/timidity.lo $(objects)/dynamic_ogg.lo $(objects)/load_ogg.lo $(objects)/music_ogg.lo'
OBJEXT='o'
OTOOL64=''
OTOOL=''
PACKAGE_BUGREPORT=''
PACKAGE_NAME=''
PACKAGE_STRING=''
PACKAGE_TARNAME=''
PACKAGE_VERSION=''
PATH_SEPARATOR=':'
PKG_CONFIG='/usr/bin/pkg-config'
PLAYMUS_DEPENDS='
PLAYMUS_OBJECTS='$(objects)/playmus.lo'
PLAYWAVE_DEPENDS='
PLAYWAVE_OBJECTS='$(objects)/playwave.lo'
RANLIB='ranlib'
SDL_CFLAGS='-D_GNU_SOURCE=1 -D_REENTRANT -I/usr/include/SDL  '
SDL_CONFIG='pkg-config sdl'
SDL_LIBS='-lSDL  '
SDL_VERSION='1.2.10'
SED='/bin/sed'
SET_MAKE=''
SHELL='/bin/sh'
SMPEG_CFLAGS=''
SMPEG_CONFIG=''
SMPEG_LIBS=''
STRIP='strip'
VERSION='1.2.11'
VERSION_DEPENDS=''
VERSION_OBJECTS=''
WINDRES=''
ac_aux_dir='./build-scripts'
ac_ct_CC='gcc'
ac_ct_DUMPBIN=''
bindir='${exec_prefix}/bin'
build='i686-pc-linux-gnu'
build_alias=''
build_cpu='i686'
build_os='linux-gnu'
build_vendor='pc'
datadir='${datarootdir}'
datarootdir='${prefix}/share'
docdir='${datarootdir}/doc/${PACKAGE}'
dvidir='${docdir}'
exec_prefix='${prefix}'
host='i686-pc-linux-gnu'
host_alias=''
host_cpu='i686'
host_os='linux-gnu'
host_vendor='pc'
htmldir='${docdir}'
includedir='${prefix}/include'
infodir='${datarootdir}/info'
libdir='${exec_prefix}/lib'
libexecdir='${exec_prefix}/libexec'
localedir='${datarootdir}/locale'
localstatedir='${prefix}/var'
lt_ECHO='echo'
mandir='${datarootdir}/man'
oldincludedir='/usr/include'
pdfdir='${docdir}'
prefix='/usr/local'
program_transform_name='s,x,x,'
psdir='${docdir}'
sbindir='${exec_prefix}/sbin'
sharedstatedir='${prefix}/com'
sysconfdir='${prefix}/etc'
target_alias=''

## ----------- ##
## confdefs.h. ##
## ----------- ##

#define PACKAGE_NAME ""
#define PACKAGE_TARNAME ""
#define PACKAGE_VERSION ""
#define PACKAGE_STRING ""
#define PACKAGE_BUGREPORT ""
#define STDC_HEADERS 1
#define HAVE_SYS_TYPES_H 1
#define HAVE_SYS_STAT_H 1
#define HAVE_STDLIB_H 1
#define HAVE_STRING_H 1
#define HAVE_MEMORY_H 1
#define HAVE_STRINGS_H 1
#define HAVE_INTTYPES_H 1
#define HAVE_STDINT_H 1
#define HAVE_UNISTD_H 1
#define HAVE_DLFCN_H 1
#define LT_OBJDIR ".libs/"
#define HAVE_FORK 1
#define HAVE_VFORK 1

configure: exit 0
