This file contains any messages produced by compilers while
running configure, to aid debugging if configure makes a mistake.

It was created by libtheora configure 1.1.1, which was
generated by GNU Autoconf 2.61.  Invocation command line was

  $ /mnt/sda6/programas/stuff/tmp/work/mipsel-linux/libtheora-1.1.1-r3.0/libtheora-1.1.1/configure --build=i686-linux --host=mipsel-linux --target=mipsel-linux --prefix=/usr --exec_prefix=/usr --bindir=/usr/bin --sbindir=/usr/sbin --libexecdir=/usr/libexec --datadir=/usr/share --sysconfdir=/etc --sharedstatedir=/com --localstatedir=/var --libdir=/usr/lib --includedir=/usr/include --oldincludedir=/usr/include --infodir=/usr/share/info --mandir=/usr/share/man --disable-examples

## --------- ##
## Platform. ##
## --------- ##

hostname = nodo3
uname -m = i686
uname -r = 2.6.32-3-686
uname -s = Linux
uname -v = #1 SMP Thu Feb 25 06:14:20 UTC 2010

/usr/bin/uname -p = unknown
/bin/uname -X     = unknown

/bin/arch              = unknown
/usr/bin/arch -k       = unknown
/usr/convex/getsysinfo = unknown
/usr/bin/hostinfo      = unknown
/bin/machine           = unknown
/usr/bin/oslevel       = unknown
/bin/universe          = unknown

PATH: /mnt/sda6/programas/stuff/tmp/staging/i686-linux/usr/bin/mipsel-linux
PATH: /mnt/sda6/programas/stuff/tmp/staging/i686-linux/usr/bin/mipsel-linux
PATH: /mnt/sda6/programas/stuff/tmp/staging/i686-linux/usr/sbin
PATH: /mnt/sda6/programas/stuff/tmp/staging/i686-linux/usr/bin
PATH: /mnt/sda6/programas/stuff/tmp/cross/mipsel//bin
PATH: /mnt/sda6/programas/stuff/tmp/staging/i686-linux/sbin
PATH: /mnt/sda6/programas/stuff/tmp/staging/i686-linux/bin
PATH: /mnt/sda6/programas/stuff/bitbake-1.8.18/bin
PATH: /usr/bin
PATH: /usr/local/sbin
PATH: /usr/local/bin
PATH: /usr/sbin
PATH: /usr/bin
PATH: /sbin
PATH: /bin
PATH: /usr/games


## ----------- ##
## Core tests. ##
## ----------- ##

configure:1920: loading site script /mnt/sda6/programas/stuff/openembedded/site/endian-little
| ac_cv_c_littleendian=${ac_cv_c_littleendian=yes}
| ac_cv_c_bigendian=${ac_cv_c_bigendian=no}
| 
| # libnet
| ac_cv_libnet_endianess=${ac_cv_libnet_endianess=lil}
| 
configure:1920: loading site script /mnt/sda6/programas/stuff/openembedded/site/common-linux
| # apr
| ac_cv_file__dev_zero=${ac_cv_file__dev_zero=yes}
| 
| # samba
| samba_cv_HAVE_IFACE_AIX=${samba_cv_HAVE_IFACE_AIX=no}
| samba_cv_HAVE_IFACE_IFCONF=${samba_cv_HAVE_IFACE_IFCONF=yes}
| samba_cv_HAVE_IFACE_IFREQ=${samba_cv_HAVE_IFACE_IFREQ=yes}
| samba_cv_HAVE_IRIX_SPECIFIC_CAPABILITIES=${samba_cv_HAVE_IRIX_SPECIFIC_CAPABILITIES=no}
| 
| # coreutils
| fu_cv_sys_stat_statfs2_bsize=${fu_cv_sys_stat_statfs2_bsize=yes}
| 
| # bash
| bash_cv_have_mbstate_t=${bash_cv_have_mbstate_t=yes}
| bash_cv_must_reinstall_sighandlers=${bash_cv_must_reinstall_sighandlers=no}
| bash_cv_func_strcoll_broken=${bash_cv_func_strcoll_broken=no}
| bash_cv_dup2_broken=${bash_cv_dup2_broken=no}
| bash_cv_opendir_not_robust=${bash_cv_opendir_not_robust=no}
| bash_cv_type_rlimit=${bash_cv_type_rlimit=rlim_t}
| bash_cv_getenv_redef=${bash_cv_getenv_redef=yes}
| bash_cv_ulimit_maxfds=${bash_cv_ulimit_maxfds=yes}
| bash_cv_getcwd_calls_popen=${bash_cv_getcwd_calls_popen=no}
| bash_cv_printf_a_format=${bash_cv_printf_a_format=yes}
| bash_cv_pgrp_pipe=${bash_cv_pgrp_pipe=no}
| bash_cv_job_control_missing=${bash_cv_job_control_missing=present}
| bash_cv_sys_named_pipes=${bash_cv_sys_named_pipes=present}
| bash_cv_unusable_rtsigs=${bash_cv_unusable_rtsigs=no}
configure:1920: loading site script /mnt/sda6/programas/stuff/openembedded/site/common-glibc
| # general
| ac_cv_have_decl_sys_siglist=${ac_cv_have_decl_sys_siglist=yes}
| ac_cv_func_malloc_0_nonnull=${ac_cv_func_malloc_0_nonnull=yes}
| ac_cv_func_memcmp_working=${ac_cv_func_memcmp_working=yes}
| ac_cv_type_uid_t={ac_cv_type_uid_t=yes}
| 
| # bash
| bash_cv_under_sys_siglist=${bash_cv_under_sys_siglist=yes}
| bash_cv_sys_siglist=${bash_cv_sys_siglist=yes}
| 
| # clamav
| clamav_av_func_working_snprintf_long=${clamav_av_func_working_snprintf_long=yes}
| clamav_av_have_in_port_t=${clamav_av_have_in_port_t=yes}
| clamav_av_have_in_addr_t=${clamav_av_have_in_addr_t=yes}
| ac_cv_func_mmap_fixed_mapped=${ac_cv_func_mmap_fixed_mapped=yes}
| 
| # glib
| glib_cv_strlcpy=${glib_cv_strlcpy=no}
| ac_cv_func_printf_unix98=${ac_cv_func_printf_unix98=yes}
| ac_cv_func_snprintf_c99=${ac_cv_func_snprintf_c99=yes}
| ac_cv_func_vsnprintf_c99=${ac_cv_func_vsnprintf_c99=yes}
| glib_cv_compliant_posix_memalign=${glib_cv_compliant_posix_memalign=1}
| glib_cv_long_long_format=${glib_cv_long_long_format=ll}
| 
| #dbus-glib
| ac_cv_have_abstract_sockets=${ac_cv_have_abstract_sockets=yes}
| 
| # gnucash
| am_cv_scanf_lld=${am_cv_scanf_lld=yes}
| 
| # mono
| mono_cv_uscore=${mono_cv_uscore=no}
| 
| # guile
| ac_cv_func_pthread_attr_getstack=${ac_cv_func_pthread_attr_getstack=yes}
| 
| #gcc-zlib
| ac_cv_func_getpagesize=${ac_cv_func_getpagesize=yes}
| ac_cv_func_memcpy=${ac_cv_func_memcpy=yes}
| ac_cv_func_strerror=${ac_cv_func_strerror=yes}
| 
| # squid
| ac_cv_af_unix_large_dgram=${ac_cv_af_unix_large_dgram=yes}
| ac_cv_func_setresuid=${ac_cv_func_setresuid=yes}
| ac_cv_func_va_copy=${ac_cv_func_va_copy=yes}
| ac_cv_func___va_copy=${ac_cv_func___va_copy=yes}
| ac_cv_epoll_works=${ac_cv_epoll_works=yes}
| 
| #git
| ac_cv_fread_reads_directories=${ac_cv_fread_reads_directories=yes}
| # pth
| ac_cv_check_sjlj=ssjlj
| 
| # va_copy and _va_copy
| ac_cv_va_copy=${ac_cv_va_copy=yes}
| ac_cv___va_copy=${ac_cv___va_copy=yes}
| 
configure:1920: loading site script /mnt/sda6/programas/stuff/openembedded/site/mips-common
| ac_cv_func_realloc_0_nonnull=${ac_cv_func_realloc_0_nonnull=yes}
| ac_cv_func_malloc_0_nonnull=${ac_cv_func_malloc_0_nonnull=yes}
| 
| # screen
| screen_cv_sys_bcopy_overlap=${screen_cv_sys_bcopy_overlap=no}
| screen_cv_sys_memcpy_overlap=${screen_cv_sys_memcpy_overlap=no}
| screen_cv_sys_memmove_overlap=${screen_cv_sys_memmove_overlap=no}
| screen_cv_sys_fifo_broken_impl=${screen_cv_sys_fifo_broken_impl=yes}
| screen_cv_sys_fifo_usable=${screen_cv_sys_fifo_usable=yes}
| screen_cv_sys_select_broken_retval=${screen_cv_sys_select_broken_retval=no}
| screen_cv_sys_sockets_nofs=${screen_cv_sys_sockets_nofs=no}
| screen_cv_sys_sockets_usable=${screen_cv_sys_sockets_usable=yes}
| screen_cv_sys_terminfo_used=${screen_cv_sys_terminfo_used=yes}
| 
| # ORBit2
| ac_cv_alignof_CORBA_octet=1
| ac_cv_alignof_CORBA_boolean=1
| ac_cv_alignof_CORBA_char=1
| ac_cv_alignof_CORBA_wchar=2
| ac_cv_alignof_CORBA_short=2
| ac_cv_alignof_CORBA_long=4
| ac_cv_alignof_CORBA_long_long=8
| ac_cv_alignof_CORBA_float=4
| ac_cv_alignof_CORBA_double=8
| ac_cv_alignof_CORBA_long_double=8
| ac_cv_alignof_CORBA_pointer=4
| ac_cv_alignof_CORBA_struct=1
| 
configure:1920: loading site script /mnt/sda6/programas/stuff/openembedded/site/mipsel-linux
| 
| ac_cv_func_getpgrp_void=${ac_cv_func_getpgrp_void=yes}
| ac_cv_func_setvbuf_reversed=${ac_cv_func_setvbuf_reversed=no}
| ac_cv_func_posix_getpwuid_r=${ac_cv_func_posix_getpwuid_r=yes}
| 
| # tslib, others
| ac_cv_func_malloc_0_nonnull=${ac_cv_func_malloc_0_nonnull=yes}
| 
| # mysql
| ac_cv_sys_restartable_syscalls=${ac_cv_sys_restartable_syscalls=yes}
| ac_cv_conv_longlong_to_float=${ac_cv_conv_longlong_to_float=yes}
| 
| # bash
| ac_cv_c_long_double=${ac_cv_c_long_double=no}
| bash_cv_func_sigsetjmp=${bash_cv_func_sigsetjmp=present}
| 
| # openssh
| ac_cv_have_accrights_in_msghdr=${ac_cv_have_accrights_in_msghdr=no}
| ac_cv_have_broken_snprintf=${ac_cv_have_broken_snprintf=no}
| ac_cv_have_control_in_msghdr=${ac_cv_have_control_in_msghdr=yes}
| ac_cv_have_openpty_ctty_bug=${ac_cv_have_openpty_ctty_bug=no}
| ac_cv_have_space_d_name_in_struct_dirent=${ac_cv_have_space_d_name_in_struct_dirent=yes}
| 
| # fget
| compat_cv_func_snprintf_works=${compat_cv_func_snprintf_works=yes}
| 
| # glib
| glib_cv___va_copy=${glib_cv___va_copy=yes}
| glib_cv_has__inline=${glib_cv_has__inline=yes}
| glib_cv_has__inline__=${glib_cv_has__inline__=yes}
| glib_cv_hasinline=${glib_cv_hasinline=yes}
| glib_cv_long_long_format=${glib_cv_long_long_format=ll}
| glib_cv_rtldglobal_broken=${glib_cv_rtldglobal_broken=no}
| glib_cv_sane_realloc=${glib_cv_sane_realloc=yes}
| glib_cv_sizeof_gmutex=${glib_cv_sizeof_gmutex=24}
| glib_cv_sizeof_system_thread=${glib_cv_sizeof_system_thread=4}
| glib_cv_stack_grows=${glib_cv_stack_grows=no}
| glib_cv_uscore=${glib_cv_uscore=no}
| glib_cv_va_copy=${glib_cv_va_copy=yes}
| glib_cv_va_val_copy=${glib_cv_va_val_copy=yes}
| 
| # glib-2.0
| glib_cv_stack_grows=${glib_cv_stack_grows=no}
| utils_cv_sys_open_max=${utils_cv_sys_open_max=1015}
| ac_cv_func_posix_getpwuid_r=${ac_cv_func_posix_getpwuid_r=yes}
| glib_cv_use_pid_surrogate=${glib_cv_use_pid_surrogate=yes}
| ac_cv_func_posix_getgrgid_r=${ac_cv_func_posix_getgrgid_r=yes}
| 
| # libpcap
| ac_cv_linux_vers=${ac_cv_linux_vers=2}
| ac_cv_func_getaddrinfo=${ac_cv_func_getaddrinfo=yes}
| 
| # slrn
| slrn_cv___va_copy=${slrn_cv___va_copy=yes}
| slrn_cv_va_copy=${slrn_cv_va_copy=yes}
| slrn_cv_va_val_copy=${slrn_cv_va_val_copy=yes}
| 
| # startup-notification
| lf_cv_sane_realloc=${lf_cv_sane_realloc=yes}
| 
| # libidl
| libIDL_cv_long_long_format=${libIDL_cv_long_long_format=ll}
| 
| # ncftp
| ac_cv_func_setpgrp_void=${ac_cv_func_setpgrp_void=yes}
| wi_cv_struct_timeval_tv_sec=${wi_cv_struct_timeval_tv_sec=long}
| wi_cv_struct_timeval_tv_usec=${wi_cv_struct_timeval_tv_usec=long}
| wi_cv_unix_domain_sockets=${wi_cv_unix_domain_sockets=yes}
| 
| # rp-pppoe
| rpppoe_cv_pack_bitfields=${rpppoe_cv_pack_bitfields=rev}
| 
| # db3
| db_cv_align_t=${db_cv_align_t='unsigned long long'}
| db_cv_alignp_t=${db_cv_alignp_t='unsigned long'}
| db_cv_mutex=${db_cv_mutex=POSIX/pthreads/library}
| db_cv_posixmutexes=${db_cv_posixmutexes=no}
| db_cv_uimutexes=${db_cv_uimutexes=no}
| db_cv_fcntl_f_setfd=${db_cv_fcntl_f_setfd=yes}
| db_cv_sprintf_count=${db_cv_sprintf_count=yes}
| db_cv_path_ar=${db_cv_path_ar=/usr/bin/ar}
| db_cv_path_chmod=${db_cv_path_chmod=/bin/chmod}
| db_cv_path_cp=${db_cv_path_cp=/bin/cp}
| db_cv_path_ln=${db_cv_path_ln=/bin/ln}
| db_cv_path_mkdir=${db_cv_path_mkdir=/bin/mkdir}
| db_cv_path_ranlib=${db_cv_path_ranlib=/usr/bin/ranlib}
| db_cv_path_rm=${db_cv_path_rm=/bin/rm}
| db_cv_path_sh=${db_cv_path_sh=/bin/sh}
| db_cv_path_strip=${db_cv_path_strip=/usr/bin/strip}
| 
| # rrdtool
| rd_cv_ieee_works=${rd_cv_ieee_works=yes}
| # ac_cv_path_PERL=${ac_cv_path_PERL=no}
| 
| # gettext
| am_cv_func_working_getline=${am_cv_func_working_getline=yes}
| 
| # samba
| samba_cv_HAVE_GETTIMEOFDAY_TZ=${samba_cv_HAVE_GETTIMEOFDAY_TZ=yes}
| 
| # vim
| ac_cv_sizeof_int=${ac_cv_sizeof_int=4}
| 
| # sudo
| sudo_cv_uid_t_len=${sudo_cv_uid_t_len=10}
| 
| # intercom
| ac_cv_func_fnmatch_works=${ac_cv_func_fnmatch_works=yes}
| 
| #lmbench
| ac_cv_uint=${ac_cv_unit=yes}
| 
| # D-BUS
| ac_cv_func_posix_getpwnam_r=${ac_cv_func_posix_getpwnam_r=yes}
| 
| # mono
| cv_mono_sizeof_sunpath=108
| mono_cv_sizeof_sunpath=108
| mono_cv_uscore=${mono_cv_uscore=no}
| 
configure:1920: loading site script /mnt/sda6/programas/stuff/openembedded/site/common
| # libelf
| mr_cv_target_elf=${mr_cv_target_elf=yes}
| 
| # Normally kernels have /dev/random enabled
| ac_cv_file__dev_random=${ac_cv_file__dev_random=yes}
| 
| # does compiler handle IEEE math?
| rd_cv_ieee_works=${rd_cv_ieee_works=yes}
configure:1920: loading site script /mnt/sda6/programas/stuff/openembedded/site/common
| # libelf
| mr_cv_target_elf=${mr_cv_target_elf=yes}
| 
| # Normally kernels have /dev/random enabled
| ac_cv_file__dev_random=${ac_cv_file__dev_random=yes}
| 
| # does compiler handle IEEE math?
| rd_cv_ieee_works=${rd_cv_ieee_works=yes}
configure:2062: checking build system type
configure:2080: result: i686-pc-linux-gnu
configure:2102: checking host system type
configure:2117: result: mipsel-unknown-linux-gnu
configure:2139: checking target system type
configure:2154: result: mipsel-unknown-linux-gnu
configure:2202: checking for a BSD-compatible install
configure:2258: result: /mnt/sda6/programas/stuff/tmp/staging/i686-linux/usr/bin/install -c
configure:2269: checking whether build environment is sane
configure:2312: result: yes
configure:2340: checking for a thread-safe mkdir -p
configure:2379: result: /mnt/sda6/programas/stuff/tmp/staging/i686-linux/usr/bin/mkdir -p
configure:2392: checking for gawk
configure:2408: found /usr/bin/gawk
configure:2419: result: gawk
configure:2430: checking whether make sets $(MAKE)
configure:2451: result: yes
configure:2531: checking for mipsel-linux-strip
configure:2558: result: mipsel-linux-strip
configure:2639: checking whether to enable maintainer-specific portions of Makefiles
configure:2648: result: no
configure:2696: checking for mipsel-linux-gcc
configure:2723: result: ccache mipsel-linux-gcc -march=mips32
configure:3001: checking for C compiler version
configure:3008: ccache mipsel-linux-gcc -march=mips32 --version >&5
mipsel-linux-gcc (GCC) 4.4.2
Copyright (C) 2009 Free Software Foundation, Inc.
This is free software; see the source for copying conditions.  There is NO
warranty; not even for MERCHANTABILITY or FITNESS FOR A PARTICULAR PURPOSE.

configure:3011: $? = 0
configure:3018: ccache mipsel-linux-gcc -march=mips32 -v >&5
Using built-in specs.
Target: mipsel-linux
Configured with: /mnt/sda6/programas/stuff/tmp/work/mipsel-linux/gcc-cross-4.4.2-r2.1/gcc-4.4.2/configure --build=i686-linux --host=i686-linux --target=mipsel-linux --prefix=/mnt/sda6/programas/stuff/tmp/cross/mipsel --exec_prefix=/mnt/sda6/programas/stuff/tmp/cross/mipsel --bindir=/mnt/sda6/programas/stuff/tmp/cross/mipsel/bin --sbindir=/mnt/sda6/programas/stuff/tmp/cross/mipsel/bin --libexecdir=/mnt/sda6/programas/stuff/tmp/cross/mipsel/libexec --datadir=/mnt/sda6/programas/stuff/tmp/cross/mipsel/share --sysconfdir=/mnt/sda6/programas/stuff/tmp/cross/mipsel/etc --sharedstatedir=/mnt/sda6/programas/stuff/tmp/cross/mipsel/com --localstatedir=/mnt/sda6/programas/stuff/tmp/cross/mipsel/var --libdir=/mnt/sda6/programas/stuff/tmp/cross/mipsel/lib --includedir=/mnt/sda6/programas/stuff/tmp/cross/mipsel/include --oldincludedir=/mnt/sda6/programas/stuff/tmp/cross/mipsel/include --infodir=/mnt/sda6/programas/stuff/tmp/cross/mipsel/share/info --mandir=/mnt/sda6/programas/stuff/tmp/cross/mipsel/share/man --with-gnu-ld --enable-shared --enable-languages=c,c++ --enable-threads=posix --enable-multilib --enable-c99 --enable-long-long --enable-symvers=gnu --enable-libstdcxx-pch --program-prefix=mipsel-linux- --enable-target-optspace --enable-libssp --disable-bootstrap --disable-libgomp --disable-libmudflap --with-float=soft --with-local-prefix=/mnt/sda6/programas/stuff/tmp/staging/mipsel-linux/usr --with-gxx-include-dir=/mnt/sda6/programas/stuff/tmp/staging/mipsel-linux//usr/include/c++ --with-sysroot=/mnt/sda6/programas/stuff/tmp/staging/mipsel-linux --with-build-sysroot=/mnt/sda6/programas/stuff/tmp/staging/mipsel-linux --disable-libunwind-exceptions --with-mpfr=/mnt/sda6/programas/stuff/tmp/staging/i686-linux/usr --enable-__cxa_atexit
Thread model: posix
gcc version 4.4.2 (GCC) 
configure:3021: $? = 0
configure:3028: ccache mipsel-linux-gcc -march=mips32 -V >&5
mipsel-linux-gcc: '-V' must come at the start of the command line
configure:3031: $? = 1
configure:3054: checking for C compiler default output file name
configure:3081: ccache mipsel-linux-gcc -march=mips32 -isystem/mnt/sda6/programas/stuff/tmp/staging/mipsel-linux/usr/include -fexpensive-optimizations -fomit-frame-pointer -frename-registers -O2 -isystem/mnt/sda6/programas/stuff/tmp/staging/mipsel-linux/usr/include -L/mnt/sda6/programas/stuff/tmp/staging/mipsel-linux/usr/lib -Wl,-rpath-link,/mnt/sda6/programas/stuff/tmp/staging/mipsel-linux/usr/lib -Wl,-O1  conftest.c  >&5
configure:3084: $? = 0
configure:3122: result: a.out
configure:3139: checking whether the C compiler works
configure:3169: result: yes
configure:3176: checking whether we are cross compiling
configure:3178: result: yes
configure:3181: checking for suffix of executables
configure:3188: ccache mipsel-linux-gcc -march=mips32 -o conftest -isystem/mnt/sda6/programas/stuff/tmp/staging/mipsel-linux/usr/include -fexpensive-optimizations -fomit-frame-pointer -frename-registers -O2 -isystem/mnt/sda6/programas/stuff/tmp/staging/mipsel-linux/usr/include -L/mnt/sda6/programas/stuff/tmp/staging/mipsel-linux/usr/lib -Wl,-rpath-link,/mnt/sda6/programas/stuff/tmp/staging/mipsel-linux/usr/lib -Wl,-O1  conftest.c  >&5
configure:3191: $? = 0
configure:3215: result: 
configure:3221: checking for suffix of object files
configure:3247: ccache mipsel-linux-gcc -march=mips32 -c -isystem/mnt/sda6/programas/stuff/tmp/staging/mipsel-linux/usr/include -fexpensive-optimizations -fomit-frame-pointer -frename-registers -O2 -isystem/mnt/sda6/programas/stuff/tmp/staging/mipsel-linux/usr/include conftest.c >&5
configure:3250: $? = 0
configure:3273: result: o
configure:3277: checking whether we are using the GNU C compiler
configure:3306: ccache mipsel-linux-gcc -march=mips32 -c -isystem/mnt/sda6/programas/stuff/tmp/staging/mipsel-linux/usr/include -fexpensive-optimizations -fomit-frame-pointer -frename-registers -O2 -isystem/mnt/sda6/programas/stuff/tmp/staging/mipsel-linux/usr/include conftest.c >&5
configure:3312: $? = 0
configure:3329: result: yes
configure:3334: checking whether ccache mipsel-linux-gcc -march=mips32 accepts -g
configure:3364: ccache mipsel-linux-gcc -march=mips32 -c -g -isystem/mnt/sda6/programas/stuff/tmp/staging/mipsel-linux/usr/include conftest.c >&5
configure:3370: $? = 0
configure:3469: result: yes
configure:3486: checking for ccache mipsel-linux-gcc -march=mips32 option to accept ISO C89
configure:3560: ccache mipsel-linux-gcc -march=mips32  -c -isystem/mnt/sda6/programas/stuff/tmp/staging/mipsel-linux/usr/include -fexpensive-optimizations -fomit-frame-pointer -frename-registers -O2 -isystem/mnt/sda6/programas/stuff/tmp/staging/mipsel-linux/usr/include conftest.c >&5
configure:3566: $? = 0
configure:3589: result: none needed
configure:3618: checking for style of include used by make
configure:3646: result: GNU
configure:3671: checking dependency style of ccache mipsel-linux-gcc -march=mips32
configure:3762: result: gcc3
configure:3782: checking how to run the C preprocessor
configure:3898: result: mipsel-linux-gcc -E
configure:3927: mipsel-linux-gcc -E -isystem/mnt/sda6/programas/stuff/tmp/staging/mipsel-linux/usr/include conftest.c
configure:3933: $? = 0
configure:3964: mipsel-linux-gcc -E -isystem/mnt/sda6/programas/stuff/tmp/staging/mipsel-linux/usr/include conftest.c
conftest.c:10:28: error: ac_nonexistent.h: No such file or directory
configure:3970: $? = 1
configure: failed program was:
| /* confdefs.h.  */
| #define PACKAGE_NAME "libtheora"
| #define PACKAGE_TARNAME "libtheora"
| #define PACKAGE_VERSION "1.1.1"
| #define PACKAGE_STRING "libtheora 1.1.1"
| #define PACKAGE_BUGREPORT ""
| #define PACKAGE "libtheora"
| #define VERSION "1.1.1"
| /* end confdefs.h.  */
| #include <ac_nonexistent.h>
configure:4010: checking whether ccache mipsel-linux-gcc -march=mips32 and cc understand -c and -o together
configure:4045: ccache mipsel-linux-gcc -march=mips32 -c conftest.c -o conftest2.o >&5
configure:4048: $? = 0
configure:4054: ccache mipsel-linux-gcc -march=mips32 -c conftest.c -o conftest2.o >&5
configure:4057: $? = 0
configure:4068: cc -c conftest.c >&5
configure:4071: $? = 0
configure:4079: cc -c conftest.c -o conftest2.o >&5
configure:4082: $? = 0
configure:4088: cc -c conftest.c -o conftest2.o >&5
configure:4091: $? = 0
configure:4109: result: yes
configure:4476: checking for a sed that does not truncate output
configure:4555: result: /bin/sed
configure:4573: checking for grep that handles long lines and -e
configure:4647: result: /bin/grep
configure:4652: checking for egrep
configure:4730: result: /bin/grep -E
configure:4735: checking for fgrep
configure:4813: result: /bin/grep -F
configure:4848: checking for ld used by ccache mipsel-linux-gcc -march=mips32
configure:4915: result: mipsel-linux-ld
configure:4924: checking if the linker (mipsel-linux-ld) is GNU ld
configure:4939: result: yes
configure:4951: checking for BSD- or MS-compatible name lister (nm)
configure:5000: result: mipsel-linux-nm
configure:5122: checking the name lister (mipsel-linux-nm) interface
configure:5129: ccache mipsel-linux-gcc -march=mips32 -c -isystem/mnt/sda6/programas/stuff/tmp/staging/mipsel-linux/usr/include -fexpensive-optimizations -fomit-frame-pointer -frename-registers -O2 -isystem/mnt/sda6/programas/stuff/tmp/staging/mipsel-linux/usr/include conftest.c >&5
configure:5132: mipsel-linux-nm "conftest.o"
configure:5135: output
00000000 B some_variable
configure:5142: result: BSD nm
configure:5145: checking whether ln -s works
configure:5149: result: yes
configure:5157: checking the maximum length of command line arguments
configure:5277: result: 1572864
configure:5294: checking whether the shell understands some XSI constructs
configure:5304: result: yes
configure:5308: checking whether the shell understands "+="
configure:5314: result: yes
configure:5349: checking for mipsel-linux-ld option to reload object files
configure:5356: result: -r
configure:5385: checking for mipsel-linux-objdump
configure:5412: result: mipsel-linux-objdump
configure:5485: checking how to recognize dependent libraries
configure:5681: result: pass_all
configure:5701: checking for mipsel-linux-ar
configure:5728: result: mipsel-linux-ar
configure:5810: checking for mipsel-linux-strip
configure:5837: result: mipsel-linux-strip
configure:5913: checking for mipsel-linux-ranlib
configure:5940: result: mipsel-linux-ranlib
configure:6074: checking command to parse mipsel-linux-nm output from ccache mipsel-linux-gcc -march=mips32 object
configure:6192: ccache mipsel-linux-gcc -march=mips32 -c -isystem/mnt/sda6/programas/stuff/tmp/staging/mipsel-linux/usr/include -fexpensive-optimizations -fomit-frame-pointer -frename-registers -O2 -isystem/mnt/sda6/programas/stuff/tmp/staging/mipsel-linux/usr/include conftest.c >&5
configure:6195: $? = 0
configure:6199: mipsel-linux-nm conftest.o \| sed -n -e 's/^.*[	 ]\([ABCDGIRSTW][ABCDGIRSTW]*\)[	 ][	 ]*\([_A-Za-z][_A-Za-z0-9]*\)$/\1 \2 \2/p' \> conftest.nm
configure:6202: $? = 0
configure:6256: ccache mipsel-linux-gcc -march=mips32 -o conftest -isystem/mnt/sda6/programas/stuff/tmp/staging/mipsel-linux/usr/include -fexpensive-optimizations -fomit-frame-pointer -frename-registers -O2 -isystem/mnt/sda6/programas/stuff/tmp/staging/mipsel-linux/usr/include -L/mnt/sda6/programas/stuff/tmp/staging/mipsel-linux/usr/lib -Wl,-rpath-link,/mnt/sda6/programas/stuff/tmp/staging/mipsel-linux/usr/lib -Wl,-O1  conftest.c conftstm.o >&5
configure:6259: $? = 0
configure:6297: result: ok
configure:7172: checking for ANSI C header files
configure:7202: ccache mipsel-linux-gcc -march=mips32 -c -isystem/mnt/sda6/programas/stuff/tmp/staging/mipsel-linux/usr/include -fexpensive-optimizations -fomit-frame-pointer -frename-registers -O2 -isystem/mnt/sda6/programas/stuff/tmp/staging/mipsel-linux/usr/include conftest.c >&5
configure:7208: $? = 0
configure:7336: result: yes
configure:7360: checking for sys/types.h
configure:7381: ccache mipsel-linux-gcc -march=mips32 -c -isystem/mnt/sda6/programas/stuff/tmp/staging/mipsel-linux/usr/include -fexpensive-optimizations -fomit-frame-pointer -frename-registers -O2 -isystem/mnt/sda6/programas/stuff/tmp/staging/mipsel-linux/usr/include conftest.c >&5
configure:7387: $? = 0
configure:7403: result: yes
configure:7360: checking for sys/stat.h
configure:7381: ccache mipsel-linux-gcc -march=mips32 -c -isystem/mnt/sda6/programas/stuff/tmp/staging/mipsel-linux/usr/include -fexpensive-optimizations -fomit-frame-pointer -frename-registers -O2 -isystem/mnt/sda6/programas/stuff/tmp/staging/mipsel-linux/usr/include conftest.c >&5
configure:7387: $? = 0
configure:7403: result: yes
configure:7360: checking for stdlib.h
configure:7381: ccache mipsel-linux-gcc -march=mips32 -c -isystem/mnt/sda6/programas/stuff/tmp/staging/mipsel-linux/usr/include -fexpensive-optimizations -fomit-frame-pointer -frename-registers -O2 -isystem/mnt/sda6/programas/stuff/tmp/staging/mipsel-linux/usr/include conftest.c >&5
configure:7387: $? = 0
configure:7403: result: yes
configure:7360: checking for string.h
configure:7381: ccache mipsel-linux-gcc -march=mips32 -c -isystem/mnt/sda6/programas/stuff/tmp/staging/mipsel-linux/usr/include -fexpensive-optimizations -fomit-frame-pointer -frename-registers -O2 -isystem/mnt/sda6/programas/stuff/tmp/staging/mipsel-linux/usr/include conftest.c >&5
configure:7387: $? = 0
configure:7403: result: yes
configure:7360: checking for memory.h
configure:7381: ccache mipsel-linux-gcc -march=mips32 -c -isystem/mnt/sda6/programas/stuff/tmp/staging/mipsel-linux/usr/include -fexpensive-optimizations -fomit-frame-pointer -frename-registers -O2 -isystem/mnt/sda6/programas/stuff/tmp/staging/mipsel-linux/usr/include conftest.c >&5
configure:7387: $? = 0
configure:7403: result: yes
configure:7360: checking for strings.h
configure:7381: ccache mipsel-linux-gcc -march=mips32 -c -isystem/mnt/sda6/programas/stuff/tmp/staging/mipsel-linux/usr/include -fexpensive-optimizations -fomit-frame-pointer -frename-registers -O2 -isystem/mnt/sda6/programas/stuff/tmp/staging/mipsel-linux/usr/include conftest.c >&5
configure:7387: $? = 0
configure:7403: result: yes
configure:7360: checking for inttypes.h
configure:7381: ccache mipsel-linux-gcc -march=mips32 -c -isystem/mnt/sda6/programas/stuff/tmp/staging/mipsel-linux/usr/include -fexpensive-optimizations -fomit-frame-pointer -frename-registers -O2 -isystem/mnt/sda6/programas/stuff/tmp/staging/mipsel-linux/usr/include conftest.c >&5
configure:7387: $? = 0
configure:7403: result: yes
configure:7360: checking for stdint.h
configure:7381: ccache mipsel-linux-gcc -march=mips32 -c -isystem/mnt/sda6/programas/stuff/tmp/staging/mipsel-linux/usr/include -fexpensive-optimizations -fomit-frame-pointer -frename-registers -O2 -isystem/mnt/sda6/programas/stuff/tmp/staging/mipsel-linux/usr/include conftest.c >&5
configure:7387: $? = 0
configure:7403: result: yes
configure:7360: checking for unistd.h
configure:7381: ccache mipsel-linux-gcc -march=mips32 -c -isystem/mnt/sda6/programas/stuff/tmp/staging/mipsel-linux/usr/include -fexpensive-optimizations -fomit-frame-pointer -frename-registers -O2 -isystem/mnt/sda6/programas/stuff/tmp/staging/mipsel-linux/usr/include conftest.c >&5
configure:7387: $? = 0
configure:7403: result: yes
configure:7419: checking for dlfcn.h
configure:7440: ccache mipsel-linux-gcc -march=mips32 -c -isystem/mnt/sda6/programas/stuff/tmp/staging/mipsel-linux/usr/include -fexpensive-optimizations -fomit-frame-pointer -frename-registers -O2 -isystem/mnt/sda6/programas/stuff/tmp/staging/mipsel-linux/usr/include conftest.c >&5
configure:7446: $? = 0
configure:7462: result: yes
configure:7645: checking for objdir
configure:7660: result: .libs
configure:7952: checking if ccache mipsel-linux-gcc -march=mips32 supports -fno-rtti -fno-exceptions
configure:7970: ccache mipsel-linux-gcc -march=mips32 -c -isystem/mnt/sda6/programas/stuff/tmp/staging/mipsel-linux/usr/include -fexpensive-optimizations -fomit-frame-pointer -frename-registers -O2 -isystem/mnt/sda6/programas/stuff/tmp/staging/mipsel-linux/usr/include -fno-rtti -fno-exceptions conftest.c >&5
cc1: warning: command line option "-fno-rtti" is valid for C++/ObjC++ but not for C
cc1: warning: command line option "-fno-rtti" is valid for C++/ObjC++ but not for C
configure:7974: $? = 0
configure:7987: result: no
configure:8007: checking for ccache mipsel-linux-gcc -march=mips32 option to produce PIC
configure:8279: result: -fPIC -DPIC
configure:8291: checking if ccache mipsel-linux-gcc -march=mips32 PIC flag -fPIC -DPIC works
configure:8309: ccache mipsel-linux-gcc -march=mips32 -c -isystem/mnt/sda6/programas/stuff/tmp/staging/mipsel-linux/usr/include -fexpensive-optimizations -fomit-frame-pointer -frename-registers -O2 -isystem/mnt/sda6/programas/stuff/tmp/staging/mipsel-linux/usr/include -fPIC -DPIC -DPIC conftest.c >&5
configure:8313: $? = 0
configure:8326: result: yes
configure:8350: checking if ccache mipsel-linux-gcc -march=mips32 static flag -static works
configure:8378: result: yes
configure:8393: checking if ccache mipsel-linux-gcc -march=mips32 supports -c -o file.o
configure:8414: ccache mipsel-linux-gcc -march=mips32 -c -isystem/mnt/sda6/programas/stuff/tmp/staging/mipsel-linux/usr/include -fexpensive-optimizations -fomit-frame-pointer -frename-registers -O2 -isystem/mnt/sda6/programas/stuff/tmp/staging/mipsel-linux/usr/include -o out/conftest2.o conftest.c >&5
configure:8418: $? = 0
configure:8440: result: yes
configure:8448: checking if ccache mipsel-linux-gcc -march=mips32 supports -c -o file.o
configure:8495: result: yes
configure:8528: checking whether the ccache mipsel-linux-gcc -march=mips32 linker (mipsel-linux-ld) supports shared libraries
configure:9590: result: yes
configure:9627: checking whether -lc should be explicitly linked in
configure:9632: ccache mipsel-linux-gcc -march=mips32 -c -isystem/mnt/sda6/programas/stuff/tmp/staging/mipsel-linux/usr/include -fexpensive-optimizations -fomit-frame-pointer -frename-registers -O2 -isystem/mnt/sda6/programas/stuff/tmp/staging/mipsel-linux/usr/include conftest.c >&5
configure:9635: $? = 0
configure:9650: ccache mipsel-linux-gcc -march=mips32 -shared conftest.o  -v -Wl,-soname -Wl,conftest -o conftest 2\>\&1 \| /bin/grep  -lc  \>/dev/null 2\>\&1
configure:9653: $? = 0
configure:9665: result: no
configure:9829: checking dynamic linker characteristics
configure:10272: ccache mipsel-linux-gcc -march=mips32 -o conftest -isystem/mnt/sda6/programas/stuff/tmp/staging/mipsel-linux/usr/include -fexpensive-optimizations -fomit-frame-pointer -frename-registers -O2 -isystem/mnt/sda6/programas/stuff/tmp/staging/mipsel-linux/usr/include -L/mnt/sda6/programas/stuff/tmp/staging/mipsel-linux/usr/lib -Wl,-rpath-link,/mnt/sda6/programas/stuff/tmp/staging/mipsel-linux/usr/lib -Wl,-O1  -Wl,-rpath -Wl,/foo conftest.c  >&5
configure:10278: $? = 0
configure:10508: result: GNU/Linux ld.so
configure:10610: checking how to hardcode library paths into programs
configure:10635: result: immediate
configure:11440: checking whether stripping libraries is possible
configure:11445: result: yes
configure:11480: checking if libtool supports shared libraries
configure:11482: result: yes
configure:11485: checking whether to build shared libraries
configure:11506: result: yes
configure:11509: checking whether to build static libraries
configure:11513: result: yes
configure:11554: checking for doxygen
configure:11582: result: false
configure:11599: WARNING: *** doxygen not found, API documentation will not be built
configure:11621: checking for pdflatex
configure:11637: found /usr/bin/pdflatex
configure:11648: result: yes
configure:11658: checking for bibtex
configure:11674: found /usr/bin/bibtex
configure:11685: result: yes
configure:11695: checking for fig2dev
configure:11711: found /usr/bin/fig2dev
configure:11722: result: yes
configure:11738: checking for Tex package latexsym
configure:11748: result: ok
configure:11738: checking for Tex package amssymb
configure:11748: result: ok
configure:11738: checking for Tex package amsmath
configure:11748: result: ok
configure:11738: checking for Tex package bm
configure:11748: result: ok
configure:11738: checking for Tex package textcomp
configure:11748: result: ok
configure:11738: checking for Tex package graphicx
configure:11748: result: ok
configure:11738: checking for Tex package booktabs
configure:11748: result: ok
configure:11738: checking for Tex package tabularx
configure:11748: result: ok
configure:11738: checking for Tex package longtable
configure:11748: result: ok
configure:11738: checking for Tex package wrapfig
configure:11748: result: ok
configure:11939: checking for ld used by ccache mipsel-linux-gcc -march=mips32
configure:12006: result: mipsel-linux-ld
configure:12015: checking if the linker (mipsel-linux-ld) is GNU ld
configure:12030: result: yes
configure:12040: checking how to control symbol export
configure:12061: result: --version-script
configure:12100: checking for pkg-config
configure:12116: found /mnt/sda6/programas/stuff/tmp/staging/i686-linux/usr/bin/pkg-config
configure:12127: result: yes
configure:12143: checking for mipsel-linux-pkg-config
configure:12176: result: no
configure:12186: checking for pkg-config
configure:12204: found /mnt/sda6/programas/stuff/tmp/staging/i686-linux/usr/bin/pkg-config
configure:12216: result: /mnt/sda6/programas/stuff/tmp/staging/i686-linux/usr/bin/pkg-config
configure:12230: WARNING: In the future, Autoconf will not detect cross-tools
whose name does not start with the host triplet.  If you think this
configuration is useful to you, please write to autoconf@gnu.org.
configure:12245: checking pkg-config is at least version 0.9.0
configure:12248: result: yes
configure:12259: checking for OGG
configure:12267: $PKG_CONFIG --exists --print-errors "ogg >= 1.1"
configure:12270: $? = 0
configure:12285: $PKG_CONFIG --exists --print-errors "ogg >= 1.1"
configure:12288: $? = 0
configure:12324: result: yes
configure:12674: checking for VORBIS
configure:12682: $PKG_CONFIG --exists --print-errors "vorbis >= 1.0.1"
Package vorbis was not found in the pkg-config search path.
Perhaps you should add the directory containing `vorbis.pc'
to the PKG_CONFIG_PATH environment variable
No package 'vorbis' found
configure:12685: $? = 1
configure:12700: $PKG_CONFIG --exists --print-errors "vorbis >= 1.0.1"
Package vorbis was not found in the pkg-config search path.
Perhaps you should add the directory containing `vorbis.pc'
to the PKG_CONFIG_PATH environment variable
No package 'vorbis' found
configure:12703: $? = 1
No package 'vorbis' found
configure:12731: result: no
configure:12801: checking for Vorbis
configure:12885: result: yes
configure:13013: checking for sdl-config
configure:13031: found /usr/bin/sdl-config
configure:13044: result: /usr/bin/sdl-config
configure:13053: checking for SDL - version >= 0.11.0
configure:13183: result: yes
configure:13300: checking sys/soundcard.h usability
configure:13317: ccache mipsel-linux-gcc -march=mips32 -c -Wall -Wno-parentheses -O3 -fforce-addr -fomit-frame-pointer -finline-functions -funroll-loops -isystem/mnt/sda6/programas/stuff/tmp/staging/mipsel-linux/usr/include -fexpensive-optimizations -fomit-frame-pointer -frename-registers -O2 -isystem/mnt/sda6/programas/stuff/tmp/staging/mipsel-linux/usr/include conftest.c >&5
configure:13323: $? = 0
configure:13337: result: yes
configure:13341: checking sys/soundcard.h presence
configure:13356: mipsel-linux-gcc -E -isystem/mnt/sda6/programas/stuff/tmp/staging/mipsel-linux/usr/include conftest.c
configure:13362: $? = 0
configure:13376: result: yes
configure:13404: checking for sys/soundcard.h
configure:13412: result: yes
configure:13446: checking for PNG
configure:13454: $PKG_CONFIG --exists --print-errors "libpng"
configure:13457: $? = 0
configure:13472: $PKG_CONFIG --exists --print-errors "libpng"
configure:13475: $? = 0
configure:13511: result: yes
configure:13699: checking for library containing ftime
configure:13740: ccache mipsel-linux-gcc -march=mips32 -o conftest -Wall -Wno-parentheses -O3 -fforce-addr -fomit-frame-pointer -finline-functions -funroll-loops -isystem/mnt/sda6/programas/stuff/tmp/staging/mipsel-linux/usr/include -fexpensive-optimizations -fomit-frame-pointer -frename-registers -O2 -isystem/mnt/sda6/programas/stuff/tmp/staging/mipsel-linux/usr/include -L/mnt/sda6/programas/stuff/tmp/staging/mipsel-linux/usr/lib -Wl,-rpath-link,/mnt/sda6/programas/stuff/tmp/staging/mipsel-linux/usr/lib -Wl,-O1  conftest.c  >&5
configure:13746: $? = 0
configure:13774: result: none required
configure:13783: checking for getopt_long
configure:13839: ccache mipsel-linux-gcc -march=mips32 -o conftest -Wall -Wno-parentheses -O3 -fforce-addr -fomit-frame-pointer -finline-functions -funroll-loops -isystem/mnt/sda6/programas/stuff/tmp/staging/mipsel-linux/usr/include -fexpensive-optimizations -fomit-frame-pointer -frename-registers -O2 -isystem/mnt/sda6/programas/stuff/tmp/staging/mipsel-linux/usr/include -L/mnt/sda6/programas/stuff/tmp/staging/mipsel-linux/usr/lib -Wl,-rpath-link,/mnt/sda6/programas/stuff/tmp/staging/mipsel-linux/usr/lib -Wl,-O1  conftest.c  >&5
configure:13845: $? = 0
configure:13862: result: yes
configure:14056: creating ./config.status

## ---------------------- ##
## Running config.status. ##
## ---------------------- ##

This file was extended by libtheora config.status 1.1.1, which was
generated by GNU Autoconf 2.61.  Invocation command line was

  CONFIG_FILES    = 
  CONFIG_HEADERS  = 
  CONFIG_LINKS    = 
  CONFIG_COMMANDS = 
  $ ./config.status 

on nodo3

config.status:928: creating Makefile
config.status:928: creating lib/Makefile
config.status:928: creating include/Makefile
config.status:928: creating include/theora/Makefile
config.status:928: creating examples/Makefile
config.status:928: creating doc/Makefile
config.status:928: creating doc/Doxyfile
config.status:928: creating doc/spec/Makefile
config.status:928: creating tests/Makefile
config.status:928: creating m4/Makefile
config.status:928: creating libtheora.spec
config.status:928: creating theora.pc
config.status:928: creating theora-uninstalled.pc
config.status:928: creating theoradec.pc
config.status:928: creating theoradec-uninstalled.pc
config.status:928: creating theoraenc.pc
config.status:928: creating theoraenc-uninstalled.pc
config.status:928: creating config.h
config.status:1204: executing depfiles commands
config.status:1204: executing libtool commands
configure:16471: result:
------------------------------------------------------------------------
  libtheora 1.1.1:  Automatic configuration OK.

  General configuration:

    Encoding support: ........... yes
    Floating point support: ..... yes
    Assembly optimization: ...... no optimization for your platform, please send a patch
    Debugging telemetry: ........ no
    Build example code: ......... no
    API Documentation: .......... no
    Format Documentation: ....... yes

  Installation paths:

    libtheora: ................... /usr/lib
    C header files: .............. /usr/include/theora
    Documentation: ............... /usr/share/doc/libtheora

  Building:

    Type 'make' to compile libtheora.

    Type 'make install' to install libtheora.

    Type 'make check' to run test suite (Valgrind testing not enabled)

  Example programs will be built but not installed.
------------------------------------------------------------------------


## ---------------- ##
## Cache variables. ##
## ---------------- ##

ac_cv___va_copy=yes
ac_cv_af_unix_large_dgram=yes
ac_cv_alignof_CORBA_boolean=1
ac_cv_alignof_CORBA_char=1
ac_cv_alignof_CORBA_double=8
ac_cv_alignof_CORBA_float=4
ac_cv_alignof_CORBA_long=4
ac_cv_alignof_CORBA_long_double=8
ac_cv_alignof_CORBA_long_long=8
ac_cv_alignof_CORBA_octet=1
ac_cv_alignof_CORBA_pointer=4
ac_cv_alignof_CORBA_short=2
ac_cv_alignof_CORBA_struct=1
ac_cv_alignof_CORBA_wchar=2
ac_cv_build=i686-pc-linux-gnu
ac_cv_c_bigendian=no
ac_cv_c_compiler_gnu=yes
ac_cv_c_littleendian=yes
ac_cv_c_long_double=no
ac_cv_check_sjlj=ssjlj
ac_cv_conv_longlong_to_float=yes
ac_cv_env_CAIRO_CFLAGS_set=
ac_cv_env_CAIRO_CFLAGS_value=
ac_cv_env_CAIRO_LIBS_set=
ac_cv_env_CAIRO_LIBS_value=
ac_cv_env_CC_set=set
ac_cv_env_CC_value='ccache mipsel-linux-gcc -march=mips32'
ac_cv_env_CFLAGS_set=set
ac_cv_env_CFLAGS_value='-isystem/mnt/sda6/programas/stuff/tmp/staging/mipsel-linux/usr/include -fexpensive-optimizations -fomit-frame-pointer -frename-registers -O2'
ac_cv_env_CPPFLAGS_set=set
ac_cv_env_CPPFLAGS_value=-isystem/mnt/sda6/programas/stuff/tmp/staging/mipsel-linux/usr/include
ac_cv_env_CPP_set=set
ac_cv_env_CPP_value='mipsel-linux-gcc -E'
ac_cv_env_LDFLAGS_set=set
ac_cv_env_LDFLAGS_value='-L/mnt/sda6/programas/stuff/tmp/staging/mipsel-linux/usr/lib -Wl,-rpath-link,/mnt/sda6/programas/stuff/tmp/staging/mipsel-linux/usr/lib -Wl,-O1 '
ac_cv_env_LIBS_set=
ac_cv_env_LIBS_value=
ac_cv_env_OGG_CFLAGS_set=
ac_cv_env_OGG_CFLAGS_value=
ac_cv_env_OGG_LIBS_set=
ac_cv_env_OGG_LIBS_value=
ac_cv_env_PKG_CONFIG_set=
ac_cv_env_PKG_CONFIG_value=
ac_cv_env_PNG_CFLAGS_set=
ac_cv_env_PNG_CFLAGS_value=
ac_cv_env_PNG_LIBS_set=
ac_cv_env_PNG_LIBS_value=
ac_cv_env_VORBIS_CFLAGS_set=
ac_cv_env_VORBIS_CFLAGS_value=
ac_cv_env_VORBIS_LIBS_set=
ac_cv_env_VORBIS_LIBS_value=
ac_cv_env_build_alias_set=set
ac_cv_env_build_alias_value=i686-linux
ac_cv_env_host_alias_set=set
ac_cv_env_host_alias_value=mipsel-linux
ac_cv_env_target_alias_set=set
ac_cv_env_target_alias_value=mipsel-linux
ac_cv_epoll_works=yes
ac_cv_file__dev_random=yes
ac_cv_file__dev_zero=yes
ac_cv_fread_reads_directories=yes
ac_cv_func___va_copy=yes
ac_cv_func_fnmatch_works=yes
ac_cv_func_getaddrinfo=yes
ac_cv_func_getopt_long=yes
ac_cv_func_getpagesize=yes
ac_cv_func_getpgrp_void=yes
ac_cv_func_malloc_0_nonnull=yes
ac_cv_func_memcmp_working=yes
ac_cv_func_memcpy=yes
ac_cv_func_mmap_fixed_mapped=yes
ac_cv_func_posix_getgrgid_r=yes
ac_cv_func_posix_getpwnam_r=yes
ac_cv_func_posix_getpwuid_r=yes
ac_cv_func_printf_unix98=yes
ac_cv_func_pthread_attr_getstack=yes
ac_cv_func_realloc_0_nonnull=yes
ac_cv_func_setpgrp_void=yes
ac_cv_func_setresuid=yes
ac_cv_func_setvbuf_reversed=no
ac_cv_func_snprintf_c99=yes
ac_cv_func_strerror=yes
ac_cv_func_va_copy=yes
ac_cv_func_vsnprintf_c99=yes
ac_cv_have_abstract_sockets=yes
ac_cv_have_accrights_in_msghdr=no
ac_cv_have_broken_snprintf=no
ac_cv_have_control_in_msghdr=yes
ac_cv_have_decl_sys_siglist=yes
ac_cv_have_openpty_ctty_bug=no
ac_cv_have_space_d_name_in_struct_dirent=yes
ac_cv_header_dlfcn_h=yes
ac_cv_header_inttypes_h=yes
ac_cv_header_memory_h=yes
ac_cv_header_stdc=yes
ac_cv_header_stdint_h=yes
ac_cv_header_stdlib_h=yes
ac_cv_header_string_h=yes
ac_cv_header_strings_h=yes
ac_cv_header_sys_soundcard_h=yes
ac_cv_header_sys_stat_h=yes
ac_cv_header_sys_types_h=yes
ac_cv_header_unistd_h=yes
ac_cv_host=mipsel-unknown-linux-gnu
ac_cv_libnet_endianess=lil
ac_cv_linux_vers=2
ac_cv_objext=o
ac_cv_path_EGREP='/bin/grep -E'
ac_cv_path_FGREP='/bin/grep -F'
ac_cv_path_GREP=/bin/grep
ac_cv_path_SDL_CONFIG=/usr/bin/sdl-config
ac_cv_path_SED=/bin/sed
ac_cv_path_ac_pt_PKG_CONFIG=/mnt/sda6/programas/stuff/tmp/staging/i686-linux/usr/bin/pkg-config
ac_cv_path_install='/mnt/sda6/programas/stuff/tmp/staging/i686-linux/usr/bin/install -c'
ac_cv_path_mkdir=/mnt/sda6/programas/stuff/tmp/staging/i686-linux/usr/bin/mkdir
ac_cv_prog_AR=mipsel-linux-ar
ac_cv_prog_AWK=gawk
ac_cv_prog_CC='ccache mipsel-linux-gcc -march=mips32'
ac_cv_prog_CPP='mipsel-linux-gcc -E'
ac_cv_prog_HAVE_BIBTEX=yes
ac_cv_prog_HAVE_DOXYGEN=false
ac_cv_prog_HAVE_PDFLATEX=yes
ac_cv_prog_HAVE_PKG_CONFIG=yes
ac_cv_prog_HAVE_TRANSFIG=yes
ac_cv_prog_OBJDUMP=mipsel-linux-objdump
ac_cv_prog_RANLIB=mipsel-linux-ranlib
ac_cv_prog_STRIP=mipsel-linux-strip
ac_cv_prog_cc_c89=
ac_cv_prog_cc_ccache_c_o=yes
ac_cv_prog_cc_g=yes
ac_cv_prog_make_make_set=yes
ac_cv_search_ftime='none required'
ac_cv_sizeof_int=4
ac_cv_sys_restartable_syscalls=yes
ac_cv_target=mipsel-unknown-linux-gnu
ac_cv_type_uid_t='{ac_cv_type_uid_t=yes}'
ac_cv_uint=yes
ac_cv_unit=yes
ac_cv_va_copy=yes
am_cv_CC_dependencies_compiler_type=gcc3
am_cv_func_working_getline=yes
am_cv_scanf_lld=yes
bash_cv_dup2_broken=no
bash_cv_func_sigsetjmp=present
bash_cv_func_strcoll_broken=no
bash_cv_getcwd_calls_popen=no
bash_cv_getenv_redef=yes
bash_cv_have_mbstate_t=yes
bash_cv_job_control_missing=present
bash_cv_must_reinstall_sighandlers=no
bash_cv_opendir_not_robust=no
bash_cv_pgrp_pipe=no
bash_cv_printf_a_format=yes
bash_cv_sys_named_pipes=present
bash_cv_sys_siglist=yes
bash_cv_type_rlimit=rlim_t
bash_cv_ulimit_maxfds=yes
bash_cv_under_sys_siglist=yes
bash_cv_unusable_rtsigs=no
compat_cv_func_snprintf_works=yes
db_cv_align_t='unsigned long long'
db_cv_alignp_t='unsigned long'
db_cv_fcntl_f_setfd=yes
db_cv_mutex=POSIX/pthreads/library
db_cv_path_ar=/usr/bin/ar
db_cv_path_chmod=/bin/chmod
db_cv_path_cp=/bin/cp
db_cv_path_ln=/bin/ln
db_cv_path_mkdir=/bin/mkdir
db_cv_path_ranlib=/usr/bin/ranlib
db_cv_path_rm=/bin/rm
db_cv_path_sh=/bin/sh
db_cv_path_strip=/usr/bin/strip
db_cv_posixmutexes=no
db_cv_sprintf_count=yes
db_cv_uimutexes=no
fu_cv_sys_stat_statfs2_bsize=yes
glib_cv___va_copy=yes
glib_cv_compliant_posix_memalign=1
glib_cv_has__inline=yes
glib_cv_has__inline__=yes
glib_cv_hasinline=yes
glib_cv_long_long_format=ll
glib_cv_rtldglobal_broken=no
glib_cv_sane_realloc=yes
glib_cv_sizeof_gmutex=24
glib_cv_sizeof_system_thread=4
glib_cv_stack_grows=no
glib_cv_strlcpy=no
glib_cv_uscore=no
glib_cv_use_pid_surrogate=yes
glib_cv_va_copy=yes
glib_cv_va_val_copy=yes
lf_cv_sane_realloc=yes
libIDL_cv_long_long_format=ll
lt_cv_deplibs_check_method=pass_all
lt_cv_file_magic_cmd='$MAGIC_CMD'
lt_cv_file_magic_test_file=
lt_cv_ld_reload_flag=-r
lt_cv_nm_interface='BSD nm'
lt_cv_objdir=.libs
lt_cv_path_LD=mipsel-linux-ld
lt_cv_path_NM=mipsel-linux-nm
lt_cv_prog_compiler_c_o=yes
lt_cv_prog_compiler_pic_works=yes
lt_cv_prog_compiler_rtti_exceptions=no
lt_cv_prog_compiler_static_works=yes
lt_cv_prog_gnu_ld=yes
lt_cv_sys_global_symbol_pipe='sed -n -e '\''s/^.*[	 ]\([ABCDGIRSTW][ABCDGIRSTW]*\)[	 ][	 ]*\([_A-Za-z][_A-Za-z0-9]*\)$/\1 \2 \2/p'\'''
lt_cv_sys_global_symbol_to_c_name_address='sed -n -e '\''s/^: \([^ ]*\) $/  {\"\1\", (void *) 0},/p'\'' -e '\''s/^[ABCDGIRSTW]* \([^ ]*\) \([^ ]*\)$/  {"\2", (void *) \&\2},/p'\'''
lt_cv_sys_global_symbol_to_c_name_address_lib_prefix='sed -n -e '\''s/^: \([^ ]*\) $/  {\"\1\", (void *) 0},/p'\'' -e '\''s/^[ABCDGIRSTW]* \([^ ]*\) \(lib[^ ]*\)$/  {"\2", (void *) \&\2},/p'\'' -e '\''s/^[ABCDGIRSTW]* \([^ ]*\) \([^ ]*\)$/  {"lib\2", (void *) \&\2},/p'\'''
lt_cv_sys_global_symbol_to_cdecl='sed -n -e '\''s/^T .* \(.*\)$/extern int \1();/p'\'' -e '\''s/^[ABCDGIRSTW]* .* \(.*\)$/extern char \1;/p'\'''
lt_cv_sys_max_cmd_len=1572864
mono_cv_sizeof_sunpath=108
mono_cv_uscore=no
mr_cv_target_elf=yes
pkg_cv_OGG_CFLAGS=' '
pkg_cv_OGG_LIBS='-logg  '
pkg_cv_PNG_CFLAGS='-I/mnt/sda6/programas/stuff/tmp/staging/mipsel-linux/usr/include/libpng12  '
pkg_cv_PNG_LIBS='-lpng12  '
rd_cv_ieee_works=yes
rpppoe_cv_pack_bitfields=rev
samba_cv_HAVE_GETTIMEOFDAY_TZ=yes
samba_cv_HAVE_IFACE_AIX=no
samba_cv_HAVE_IFACE_IFCONF=yes
samba_cv_HAVE_IFACE_IFREQ=yes
samba_cv_HAVE_IRIX_SPECIFIC_CAPABILITIES=no
screen_cv_sys_bcopy_overlap=no
screen_cv_sys_fifo_broken_impl=yes
screen_cv_sys_fifo_usable=yes
screen_cv_sys_memcpy_overlap=no
screen_cv_sys_memmove_overlap=no
screen_cv_sys_select_broken_retval=no
screen_cv_sys_sockets_nofs=no
screen_cv_sys_sockets_usable=yes
screen_cv_sys_terminfo_used=yes
slrn_cv___va_copy=yes
slrn_cv_va_copy=yes
slrn_cv_va_val_copy=yes
sudo_cv_uid_t_len=10
utils_cv_sys_open_max=1015
wi_cv_struct_timeval_tv_sec=long
wi_cv_struct_timeval_tv_usec=long
wi_cv_unix_domain_sockets=yes

## ----------------- ##
## Output variables. ##
## ----------------- ##

ACLOCAL='${SHELL} /mnt/sda6/programas/stuff/tmp/work/mipsel-linux/libtheora-1.1.1-r3.0/libtheora-1.1.1/missing --run aclocal-1.10'
ACLOCAL_AMFLAGS='-I m4'
AMDEPBACKSLASH='\'
AMDEP_FALSE='#'
AMDEP_TRUE=''
AMTAR='${SHELL} /mnt/sda6/programas/stuff/tmp/work/mipsel-linux/libtheora-1.1.1-r3.0/libtheora-1.1.1/missing --run tar'
AR='mipsel-linux-ar'
AS='mipsel-linux-as'
AUTOCONF='${SHELL} /mnt/sda6/programas/stuff/tmp/work/mipsel-linux/libtheora-1.1.1-r3.0/libtheora-1.1.1/missing --run autoconf'
AUTOHEADER='${SHELL} /mnt/sda6/programas/stuff/tmp/work/mipsel-linux/libtheora-1.1.1-r3.0/libtheora-1.1.1/missing --run autoheader'
AUTOMAKE='${SHELL} /mnt/sda6/programas/stuff/tmp/work/mipsel-linux/libtheora-1.1.1-r3.0/libtheora-1.1.1/missing --run automake-1.10'
AWK='gawk'
BINDIR='/usr/bin'
BUILDABLE_EXAMPLES=' encoder_example$(EXEEXT) player_example$(EXEEXT) png2theora$(EXEEXT)'
BUILD_SPEC_FALSE='#'
BUILD_SPEC_TRUE=''
CAIRO_CFLAGS=''
CAIRO_LIBS=''
CC='ccache mipsel-linux-gcc -march=mips32'
CCDEPMODE='depmode=gcc3'
CFLAGS='-Wall -Wno-parentheses -O3 -fforce-addr -fomit-frame-pointer -finline-functions -funroll-loops -isystem/mnt/sda6/programas/stuff/tmp/staging/mipsel-linux/usr/include -fexpensive-optimizations -fomit-frame-pointer -frename-registers -O2'
CPP='mipsel-linux-gcc -E'
CPPFLAGS='-isystem/mnt/sda6/programas/stuff/tmp/staging/mipsel-linux/usr/include'
CPU_x86_32_FALSE=''
CPU_x86_32_TRUE='#'
CPU_x86_64_FALSE=''
CPU_x86_64_TRUE='#'
CYGPATH_W='echo'
DEBUG='-g -Wall -Wno-parentheses -DDEBUG -D__NO_MATH_INLINES'
DEFS='-DHAVE_CONFIG_H'
DEPDIR='.deps'
DLLTOOL='dlltool'
DOCDIR='/usr/share/doc'
DSYMUTIL=''
DUMPBIN=''
ECHO_C=''
ECHO_N='-n'
ECHO_T=''
EGREP='/bin/grep -E'
EXEEXT=''
FGREP='/bin/grep -F'
GETOPT_OBJS=''
GREP='/bin/grep'
HAVE_BIBTEX='yes'
HAVE_DOXYGEN='false'
HAVE_DOXYGEN_FALSE=''
HAVE_DOXYGEN_TRUE='#'
HAVE_PDFLATEX='yes'
HAVE_PKG_CONFIG='yes'
HAVE_TRANSFIG='yes'
HAVE_VALGRIND=''
INCLUDEDIR='/usr/include'
INSTALL_DATA='${INSTALL} -m 644'
INSTALL_PROGRAM='${INSTALL}'
INSTALL_SCRIPT='${INSTALL}'
INSTALL_STRIP_PROGRAM='$(install_sh) -c -s'
LD='mipsel-linux-ld'
LDFLAGS='-L/mnt/sda6/programas/stuff/tmp/staging/mipsel-linux/usr/lib -Wl,-rpath-link,/mnt/sda6/programas/stuff/tmp/staging/mipsel-linux/usr/lib -Wl,-O1 '
LIBDIR='/usr/lib'
LIBOBJS=''
LIBS=''
LIBTOOL='$(SHELL) $(top_builddir)/mipsel-linux-libtool'
LIPO=''
LN_S='ln -s'
LTLIBOBJS=''
MAINT='#'
MAINTAINER_MODE_FALSE=''
MAINTAINER_MODE_TRUE='#'
MAKEINFO='${SHELL} /mnt/sda6/programas/stuff/tmp/work/mipsel-linux/libtheora-1.1.1-r3.0/libtheora-1.1.1/missing --run makeinfo'
NM='mipsel-linux-nm'
NMEDIT=''
OBJDUMP='mipsel-linux-objdump'
OBJEXT='o'
OGG_CFLAGS=' '
OGG_LIBS='-logg  '
OSS_LIBS=''
OTOOL64=''
OTOOL=''
PACKAGE='libtheora'
PACKAGE_BUGREPORT=''
PACKAGE_NAME='libtheora'
PACKAGE_STRING='libtheora 1.1.1'
PACKAGE_TARNAME='libtheora'
PACKAGE_VERSION='1.1.1'
PATH_SEPARATOR=':'
PKG_CONFIG='/mnt/sda6/programas/stuff/tmp/staging/i686-linux/usr/bin/pkg-config'
PNG_CFLAGS='-I/mnt/sda6/programas/stuff/tmp/staging/mipsel-linux/usr/include/libpng12  '
PNG_LIBS='-lpng12  '
PROFILE='-Wall -Wno-parentheses -pg -g -O3 -fno-inline-functions -DDEBUG'
RANLIB='mipsel-linux-ranlib'
SDL_CFLAGS='-I/usr/include/SDL -D_GNU_SOURCE=1 -D_REENTRANT'
SDL_CONFIG='/usr/bin/sdl-config'
SDL_LIBS='-L/usr/lib -lSDL'
SED='/bin/sed'
SET_MAKE=''
SHELL='/bin/sh'
STRIP='mipsel-linux-strip'
THDEC_LIB_AGE='1'
THDEC_LIB_CURRENT='2'
THDEC_LIB_REVISION='4'
THENC_LIB_AGE='1'
THENC_LIB_CURRENT='2'
THENC_LIB_REVISION='2'
THEORADEC_LDFLAGS=' -Wl,--version-script=$(srcdir)/Version_script-dec'
THEORAENC_LDFLAGS=' -Wl,--version-script=$(srcdir)/Version_script-enc'
THEORA_DISABLE_ENCODE_FALSE=''
THEORA_DISABLE_ENCODE_TRUE='#'
THEORA_DISABLE_FLOAT_FALSE=''
THEORA_DISABLE_FLOAT_TRUE='#'
THEORA_ENABLE_EXAMPLES_FALSE=''
THEORA_ENABLE_EXAMPLES_TRUE='#'
THEORA_LDFLAGS=' -Wl,--version-script=$(srcdir)/Version_script'
TH_LIB_AGE='3'
TH_LIB_CURRENT='3'
TH_LIB_REVISION='10'
VALGRIND_ENVIRONMENT=''
VERSION='1.1.1'
VORBISENC_LIBS='-lvorbisenc'
VORBISFILE_LIBS='-lvorbisfile'
VORBIS_CFLAGS=''
VORBIS_LIBS='-L/usr/lib -lvorbis -lm'
ac_ct_CC=''
ac_ct_DUMPBIN=''
am__fastdepCC_FALSE='#'
am__fastdepCC_TRUE=''
am__include='include'
am__isrc=''
am__leading_dot='.'
am__quote=''
am__tar='${AMTAR} chof - "$$tardir"'
am__untar='${AMTAR} xf -'
bindir='/usr/bin'
build='i686-pc-linux-gnu'
build_alias='i686-linux'
build_cpu='i686'
build_os='linux-gnu'
build_vendor='pc'
datadir='/usr/share'
datarootdir='${prefix}/share'
docdir='${datarootdir}/doc/${PACKAGE_TARNAME}'
dvidir='${docdir}'
exec_prefix='/usr'
host='mipsel-unknown-linux-gnu'
host_alias='mipsel-linux'
host_cpu='mipsel'
host_os='linux-gnu'
host_vendor='unknown'
htmldir='${docdir}'
includedir='/usr/include'
infodir='/usr/share/info'
install_sh='$(SHELL) /mnt/sda6/programas/stuff/tmp/work/mipsel-linux/libtheora-1.1.1-r3.0/libtheora-1.1.1/install-sh'
libdir='/usr/lib'
libexecdir='/usr/libexec'
localedir='${datarootdir}/locale'
localstatedir='/var'
lt_ECHO='echo'
mandir='/usr/share/man'
mkdir_p='/mnt/sda6/programas/stuff/tmp/staging/i686-linux/usr/bin/mkdir -p'
oldincludedir='/usr/include'
pdfdir='${docdir}'
prefix='/usr'
program_transform_name='s,x,x,'
psdir='${docdir}'
sbindir='/usr/sbin'
sharedstatedir='/com'
sysconfdir='/etc'
target='mipsel-unknown-linux-gnu'
target_alias='mipsel-linux'
target_cpu='mipsel'
target_os='linux-gnu'
target_vendor='unknown'

## ----------- ##
## confdefs.h. ##
## ----------- ##

#define PACKAGE_NAME "libtheora"
#define PACKAGE_TARNAME "libtheora"
#define PACKAGE_VERSION "1.1.1"
#define PACKAGE_STRING "libtheora 1.1.1"
#define PACKAGE_BUGREPORT ""
#define PACKAGE "libtheora"
#define VERSION "1.1.1"
#define STDC_HEADERS 1
#define HAVE_SYS_TYPES_H 1
#define HAVE_SYS_STAT_H 1
#define HAVE_STDLIB_H 1
#define HAVE_STRING_H 1
#define HAVE_MEMORY_H 1
#define HAVE_STRINGS_H 1
#define HAVE_INTTYPES_H 1
#define HAVE_STDINT_H 1
#define HAVE_UNISTD_H 1
#define HAVE_DLFCN_H 1
#define LT_OBJDIR ".libs/"
#define HAVE_SYS_SOUNDCARD_H 1

configure: exit 0
